C000 4C F5 C5 A:00 X:00 Y:00 P:24 SP:FD
C5F5 A2 00 00 A:00 X:00 Y:00 P:24 SP:FD
C5F7 86 00 00 A:00 X:00 Y:00 P:26 SP:FD
C5F9 86 10 00 A:00 X:00 Y:00 P:26 SP:FD
C5FB 86 11 00 A:00 X:00 Y:00 P:26 SP:FD
C5FD 20 2D C7 A:00 X:00 Y:00 P:26 SP:FD
C72D EA 00 00 A:00 X:00 Y:00 P:26 SP:FB
C72E 38 00 00 A:00 X:00 Y:00 P:26 SP:FB
C72F B0 04 00 A:00 X:00 Y:00 P:27 SP:FB
C735 EA 00 00 A:00 X:00 Y:00 P:27 SP:FB
C736 18 00 00 A:00 X:00 Y:00 P:27 SP:FB
C737 B0 03 00 A:00 X:00 Y:00 P:26 SP:FB
C739 4C 40 C7 A:00 X:00 Y:00 P:26 SP:FB
C740 EA 00 00 A:00 X:00 Y:00 P:26 SP:FB
C741 38 00 00 A:00 X:00 Y:00 P:26 SP:FB
C742 90 03 00 A:00 X:00 Y:00 P:27 SP:FB
C744 4C 4B C7 A:00 X:00 Y:00 P:27 SP:FB
C74B EA 00 00 A:00 X:00 Y:00 P:27 SP:FB
C74C 18 00 00 A:00 X:00 Y:00 P:27 SP:FB
C74D 90 04 00 A:00 X:00 Y:00 P:26 SP:FB
C753 EA 00 00 A:00 X:00 Y:00 P:26 SP:FB
C754 A9 00 00 A:00 X:00 Y:00 P:26 SP:FB
C756 F0 04 00 A:00 X:00 Y:00 P:26 SP:FB
C75C EA 00 00 A:00 X:00 Y:00 P:26 SP:FB
C75D A9 40 00 A:00 X:00 Y:00 P:26 SP:FB
C75F F0 03 00 A:40 X:00 Y:00 P:24 SP:FB
C761 4C 68 C7 A:40 X:00 Y:00 P:24 SP:FB
C768 EA 00 00 A:40 X:00 Y:00 P:24 SP:FB
C769 A9 40 00 A:40 X:00 Y:00 P:24 SP:FB
C76B D0 04 00 A:40 X:00 Y:00 P:24 SP:FB
C771 EA 00 00 A:40 X:00 Y:00 P:24 SP:FB
C772 A9 00 00 A:40 X:00 Y:00 P:24 SP:FB
C774 D0 03 00 A:00 X:00 Y:00 P:26 SP:FB
C776 4C 7D C7 A:00 X:00 Y:00 P:26 SP:FB
C77D EA 00 00 A:00 X:00 Y:00 P:26 SP:FB
C77E A9 FF 00 A:00 X:00 Y:00 P:26 SP:FB
C780 85 01 00 A:FF X:00 Y:00 P:A4 SP:FB
C782 24 01 00 A:FF X:00 Y:00 P:A4 SP:FB
C784 70 04 00 A:FF X:00 Y:00 P:E4 SP:FB
C78A EA 00 00 A:FF X:00 Y:00 P:E4 SP:FB
C78B 24 01 00 A:FF X:00 Y:00 P:E4 SP:FB
C78D 50 03 00 A:FF X:00 Y:00 P:E4 SP:FB
C78F 4C 96 C7 A:FF X:00 Y:00 P:E4 SP:FB
C796 EA 00 00 A:FF X:00 Y:00 P:E4 SP:FB
C797 A9 00 00 A:FF X:00 Y:00 P:E4 SP:FB
C799 85 01 00 A:00 X:00 Y:00 P:66 SP:FB
C79B 24 01 00 A:00 X:00 Y:00 P:66 SP:FB
C79D 50 04 00 A:00 X:00 Y:00 P:26 SP:FB
C7A3 EA 00 00 A:00 X:00 Y:00 P:26 SP:FB
C7A4 24 01 00 A:00 X:00 Y:00 P:26 SP:FB
C7A6 70 03 00 A:00 X:00 Y:00 P:26 SP:FB
C7A8 4C AF C7 A:00 X:00 Y:00 P:26 SP:FB
C7AF EA 00 00 A:00 X:00 Y:00 P:26 SP:FB
C7B0 A9 00 00 A:00 X:00 Y:00 P:26 SP:FB
C7B2 10 04 00 A:00 X:00 Y:00 P:26 SP:FB
C7B8 EA 00 00 A:00 X:00 Y:00 P:26 SP:FB
C7B9 A9 80 00 A:00 X:00 Y:00 P:26 SP:FB
C7BB 10 03 00 A:80 X:00 Y:00 P:A4 SP:FB
C7BD 4C D9 C7 A:80 X:00 Y:00 P:A4 SP:FB
C7D9 EA 00 00 A:80 X:00 Y:00 P:A4 SP:FB
C7DA 60 00 00 A:80 X:00 Y:00 P:A4 SP:FB
C600 20 DB C7 A:80 X:00 Y:00 P:A4 SP:FD
C7DB EA 00 00 A:80 X:00 Y:00 P:A4 SP:FB
C7DC A9 FF 00 A:80 X:00 Y:00 P:A4 SP:FB
C7DE 85 01 00 A:FF X:00 Y:00 P:A4 SP:FB
C7E0 24 01 00 A:FF X:00 Y:00 P:A4 SP:FB
C7E2 A9 00 00 A:FF X:00 Y:00 P:E4 SP:FB
C7E4 38 00 00 A:00 X:00 Y:00 P:66 SP:FB
C7E5 78 00 00 A:00 X:00 Y:00 P:67 SP:FB
C7E6 F8 00 00 A:00 X:00 Y:00 P:67 SP:FB
C7E7 08 00 00 A:00 X:00 Y:00 P:6F SP:FB
C7E8 68 00 00 A:00 X:00 Y:00 P:6F SP:FA
C7E9 29 EF 00 A:6F X:00 Y:00 P:6D SP:FB
C7EB C9 6F 00 A:6F X:00 Y:00 P:6D SP:FB
C7ED F0 04 00 A:6F X:00 Y:00 P:6F SP:FB
C7F3 EA 00 00 A:6F X:00 Y:00 P:6F SP:FB
C7F4 A9 40 00 A:6F X:00 Y:00 P:6F SP:FB
C7F6 85 01 00 A:40 X:00 Y:00 P:6D SP:FB
C7F8 24 01 00 A:40 X:00 Y:00 P:6D SP:FB
C7FA D8 00 00 A:40 X:00 Y:00 P:6D SP:FB
C7FB A9 10 00 A:40 X:00 Y:00 P:65 SP:FB
C7FD 18 00 00 A:10 X:00 Y:00 P:65 SP:FB
C7FE 08 00 00 A:10 X:00 Y:00 P:64 SP:FB
C7FF 68 00 00 A:10 X:00 Y:00 P:64 SP:FA
C800 29 EF 00 A:64 X:00 Y:00 P:64 SP:FB
C802 C9 64 00 A:64 X:00 Y:00 P:64 SP:FB
C804 F0 04 00 A:64 X:00 Y:00 P:67 SP:FB
C80A EA 00 00 A:64 X:00 Y:00 P:67 SP:FB
C80B A9 80 00 A:64 X:00 Y:00 P:67 SP:FB
C80D 85 01 00 A:80 X:00 Y:00 P:E5 SP:FB
C80F 24 01 00 A:80 X:00 Y:00 P:E5 SP:FB
C811 F8 00 00 A:80 X:00 Y:00 P:A5 SP:FB
C812 A9 00 00 A:80 X:00 Y:00 P:AD SP:FB
C814 38 00 00 A:00 X:00 Y:00 P:2F SP:FB
C815 08 00 00 A:00 X:00 Y:00 P:2F SP:FB
C816 68 00 00 A:00 X:00 Y:00 P:2F SP:FA
C817 29 EF 00 A:2F X:00 Y:00 P:2D SP:FB
C819 C9 2F 00 A:2F X:00 Y:00 P:2D SP:FB
C81B F0 04 00 A:2F X:00 Y:00 P:2F SP:FB
C821 EA 00 00 A:2F X:00 Y:00 P:2F SP:FB
C822 A9 FF 00 A:2F X:00 Y:00 P:2F SP:FB
C824 48 00 00 A:FF X:00 Y:00 P:AD SP:FB
C825 28 00 00 A:FF X:00 Y:00 P:AD SP:FA
C826 D0 09 00 A:FF X:00 Y:00 P:EF SP:FB
C828 10 07 00 A:FF X:00 Y:00 P:EF SP:FB
C82A 50 05 00 A:FF X:00 Y:00 P:EF SP:FB
C82C 90 03 00 A:FF X:00 Y:00 P:EF SP:FB
C82E 4C 35 C8 A:FF X:00 Y:00 P:EF SP:FB
C835 EA 00 00 A:FF X:00 Y:00 P:EF SP:FB
C836 A9 04 00 A:FF X:00 Y:00 P:EF SP:FB
C838 48 00 00 A:04 X:00 Y:00 P:6D SP:FB
C839 28 00 00 A:04 X:00 Y:00 P:6D SP:FA
C83A F0 09 00 A:04 X:00 Y:00 P:24 SP:FB
C83C 30 07 00 A:04 X:00 Y:00 P:24 SP:FB
C83E 70 05 00 A:04 X:00 Y:00 P:24 SP:FB
C840 B0 03 00 A:04 X:00 Y:00 P:24 SP:FB
C842 4C 49 C8 A:04 X:00 Y:00 P:24 SP:FB
C849 EA 00 00 A:04 X:00 Y:00 P:24 SP:FB
C84A F8 00 00 A:04 X:00 Y:00 P:24 SP:FB
C84B A9 FF 00 A:04 X:00 Y:00 P:2C SP:FB
C84D 85 01 00 A:FF X:00 Y:00 P:AC SP:FB
C84F 24 01 00 A:FF X:00 Y:00 P:AC SP:FB
C851 18 00 00 A:FF X:00 Y:00 P:EC SP:FB
C852 A9 00 00 A:FF X:00 Y:00 P:EC SP:FB
C854 48 00 00 A:00 X:00 Y:00 P:6E SP:FB
C855 A9 FF 00 A:00 X:00 Y:00 P:6E SP:FA
C857 68 00 00 A:FF X:00 Y:00 P:EC SP:FA
C858 D0 09 00 A:00 X:00 Y:00 P:6E SP:FB
C85A 30 07 00 A:00 X:00 Y:00 P:6E SP:FB
C85C 50 05 00 A:00 X:00 Y:00 P:6E SP:FB
C85E B0 03 00 A:00 X:00 Y:00 P:6E SP:FB
C860 4C 67 C8 A:00 X:00 Y:00 P:6E SP:FB
C867 EA 00 00 A:00 X:00 Y:00 P:6E SP:FB
C868 A9 00 00 A:00 X:00 Y:00 P:6E SP:FB
C86A 85 01 00 A:00 X:00 Y:00 P:6E SP:FB
C86C 24 01 00 A:00 X:00 Y:00 P:6E SP:FB
C86E 38 00 00 A:00 X:00 Y:00 P:2E SP:FB
C86F A9 FF 00 A:00 X:00 Y:00 P:2F SP:FB
C871 48 00 00 A:FF X:00 Y:00 P:AD SP:FB
C872 A9 00 00 A:FF X:00 Y:00 P:AD SP:FA
C874 68 00 00 A:00 X:00 Y:00 P:2F SP:FA
C875 F0 09 00 A:FF X:00 Y:00 P:AD SP:FB
C877 10 07 00 A:FF X:00 Y:00 P:AD SP:FB
C879 70 05 00 A:FF X:00 Y:00 P:AD SP:FB
C87B 90 03 00 A:FF X:00 Y:00 P:AD SP:FB
C87D 4C 84 C8 A:FF X:00 Y:00 P:AD SP:FB
C884 60 00 00 A:FF X:00 Y:00 P:AD SP:FB
C603 20 85 C8 A:FF X:00 Y:00 P:AD SP:FD
C885 EA 00 00 A:FF X:00 Y:00 P:AD SP:FB
C886 18 00 00 A:FF X:00 Y:00 P:AD SP:FB
C887 A9 FF 00 A:FF X:00 Y:00 P:AC SP:FB
C889 85 01 00 A:FF X:00 Y:00 P:AC SP:FB
C88B 24 01 00 A:FF X:00 Y:00 P:AC SP:FB
C88D A9 55 00 A:FF X:00 Y:00 P:EC SP:FB
C88F 09 AA 00 A:55 X:00 Y:00 P:6C SP:FB
C891 B0 0B 00 A:FF X:00 Y:00 P:EC SP:FB
C893 10 09 00 A:FF X:00 Y:00 P:EC SP:FB
C895 C9 FF 00 A:FF X:00 Y:00 P:EC SP:FB
C897 D0 05 00 A:FF X:00 Y:00 P:6F SP:FB
C899 50 03 00 A:FF X:00 Y:00 P:6F SP:FB
C89B 4C A2 C8 A:FF X:00 Y:00 P:6F SP:FB
C8A2 EA 00 00 A:FF X:00 Y:00 P:6F SP:FB
C8A3 38 00 00 A:FF X:00 Y:00 P:6F SP:FB
C8A4 B8 00 00 A:FF X:00 Y:00 P:6F SP:FB
C8A5 A9 00 00 A:FF X:00 Y:00 P:2F SP:FB
C8A7 09 00 00 A:00 X:00 Y:00 P:2F SP:FB
C8A9 D0 09 00 A:00 X:00 Y:00 P:2F SP:FB
C8AB 70 07 00 A:00 X:00 Y:00 P:2F SP:FB
C8AD 90 05 00 A:00 X:00 Y:00 P:2F SP:FB
C8AF 30 03 00 A:00 X:00 Y:00 P:2F SP:FB
C8B1 4C B8 C8 A:00 X:00 Y:00 P:2F SP:FB
C8B8 EA 00 00 A:00 X:00 Y:00 P:2F SP:FB
C8B9 18 00 00 A:00 X:00 Y:00 P:2F SP:FB
C8BA 24 01 00 A:00 X:00 Y:00 P:2E SP:FB
C8BC A9 55 00 A:00 X:00 Y:00 P:EE SP:FB
C8BE 29 AA 00 A:55 X:00 Y:00 P:6C SP:FB
C8C0 D0 09 00 A:00 X:00 Y:00 P:6E SP:FB
C8C2 50 07 00 A:00 X:00 Y:00 P:6E SP:FB
C8C4 B0 05 00 A:00 X:00 Y:00 P:6E SP:FB
C8C6 30 03 00 A:00 X:00 Y:00 P:6E SP:FB
C8C8 4C CF C8 A:00 X:00 Y:00 P:6E SP:FB
C8CF EA 00 00 A:00 X:00 Y:00 P:6E SP:FB
C8D0 38 00 00 A:00 X:00 Y:00 P:6E SP:FB
C8D1 B8 00 00 A:00 X:00 Y:00 P:6F SP:FB
C8D2 A9 F8 00 A:00 X:00 Y:00 P:2F SP:FB
C8D4 29 EF 00 A:F8 X:00 Y:00 P:AD SP:FB
C8D6 90 0B 00 A:E8 X:00 Y:00 P:AD SP:FB
C8D8 10 09 00 A:E8 X:00 Y:00 P:AD SP:FB
C8DA C9 E8 00 A:E8 X:00 Y:00 P:AD SP:FB
C8DC D0 05 00 A:E8 X:00 Y:00 P:2F SP:FB
C8DE 70 03 00 A:E8 X:00 Y:00 P:2F SP:FB
C8E0 4C E7 C8 A:E8 X:00 Y:00 P:2F SP:FB
C8E7 EA 00 00 A:E8 X:00 Y:00 P:2F SP:FB
C8E8 18 00 00 A:E8 X:00 Y:00 P:2F SP:FB
C8E9 24 01 00 A:E8 X:00 Y:00 P:2E SP:FB
C8EB A9 5F 00 A:E8 X:00 Y:00 P:EC SP:FB
C8ED 49 AA 00 A:5F X:00 Y:00 P:6C SP:FB
C8EF B0 0B 00 A:F5 X:00 Y:00 P:EC SP:FB
C8F1 10 09 00 A:F5 X:00 Y:00 P:EC SP:FB
C8F3 C9 F5 00 A:F5 X:00 Y:00 P:EC SP:FB
C8F5 D0 05 00 A:F5 X:00 Y:00 P:6F SP:FB
C8F7 50 03 00 A:F5 X:00 Y:00 P:6F SP:FB
C8F9 4C 00 C9 A:F5 X:00 Y:00 P:6F SP:FB
C900 EA 00 00 A:F5 X:00 Y:00 P:6F SP:FB
C901 38 00 00 A:F5 X:00 Y:00 P:6F SP:FB
C902 B8 00 00 A:F5 X:00 Y:00 P:6F SP:FB
C903 A9 70 00 A:F5 X:00 Y:00 P:2F SP:FB
C905 49 70 00 A:70 X:00 Y:00 P:2D SP:FB
C907 D0 09 00 A:00 X:00 Y:00 P:2F SP:FB
C909 70 07 00 A:00 X:00 Y:00 P:2F SP:FB
C90B 90 05 00 A:00 X:00 Y:00 P:2F SP:FB
C90D 30 03 00 A:00 X:00 Y:00 P:2F SP:FB
C90F 4C 16 C9 A:00 X:00 Y:00 P:2F SP:FB
C916 EA 00 00 A:00 X:00 Y:00 P:2F SP:FB
C917 18 00 00 A:00 X:00 Y:00 P:2F SP:FB
C918 24 01 00 A:00 X:00 Y:00 P:2E SP:FB
C91A A9 00 00 A:00 X:00 Y:00 P:EE SP:FB
C91C 69 69 00 A:00 X:00 Y:00 P:6E SP:FB
C91E 30 0B 00 A:69 X:00 Y:00 P:2C SP:FB
C920 B0 09 00 A:69 X:00 Y:00 P:2C SP:FB
C922 C9 69 00 A:69 X:00 Y:00 P:2C SP:FB
C924 D0 05 00 A:69 X:00 Y:00 P:2F SP:FB
C926 70 03 00 A:69 X:00 Y:00 P:2F SP:FB
C928 4C 2F C9 A:69 X:00 Y:00 P:2F SP:FB
C92F EA 00 00 A:69 X:00 Y:00 P:2F SP:FB
C930 38 00 00 A:69 X:00 Y:00 P:2F SP:FB
C931 F8 00 00 A:69 X:00 Y:00 P:2F SP:FB
C932 24 01 00 A:69 X:00 Y:00 P:2F SP:FB
C934 A9 01 00 A:69 X:00 Y:00 P:ED SP:FB
C936 69 69 00 A:01 X:00 Y:00 P:6D SP:FB
C938 30 0B 00 A:6B X:00 Y:00 P:2C SP:FB
C93A B0 09 00 A:6B X:00 Y:00 P:2C SP:FB
C93C C9 6B 00 A:6B X:00 Y:00 P:2C SP:FB
C93E D0 05 00 A:6B X:00 Y:00 P:2F SP:FB
C940 70 03 00 A:6B X:00 Y:00 P:2F SP:FB
C942 4C 49 C9 A:6B X:00 Y:00 P:2F SP:FB
C949 EA 00 00 A:6B X:00 Y:00 P:2F SP:FB
C94A D8 00 00 A:6B X:00 Y:00 P:2F SP:FB
C94B 38 00 00 A:6B X:00 Y:00 P:27 SP:FB
C94C B8 00 00 A:6B X:00 Y:00 P:27 SP:FB
C94D A9 7F 00 A:6B X:00 Y:00 P:27 SP:FB
C94F 69 7F 00 A:7F X:00 Y:00 P:25 SP:FB
C951 10 0B 00 A:FF X:00 Y:00 P:E4 SP:FB
C953 B0 09 00 A:FF X:00 Y:00 P:E4 SP:FB
C955 C9 FF 00 A:FF X:00 Y:00 P:E4 SP:FB
C957 D0 05 00 A:FF X:00 Y:00 P:67 SP:FB
C959 50 03 00 A:FF X:00 Y:00 P:67 SP:FB
C95B 4C 62 C9 A:FF X:00 Y:00 P:67 SP:FB
C962 EA 00 00 A:FF X:00 Y:00 P:67 SP:FB
C963 18 00 00 A:FF X:00 Y:00 P:67 SP:FB
C964 24 01 00 A:FF X:00 Y:00 P:66 SP:FB
C966 A9 7F 00 A:FF X:00 Y:00 P:E4 SP:FB
C968 69 80 00 A:7F X:00 Y:00 P:64 SP:FB
C96A 10 0B 00 A:FF X:00 Y:00 P:A4 SP:FB
C96C B0 09 00 A:FF X:00 Y:00 P:A4 SP:FB
C96E C9 FF 00 A:FF X:00 Y:00 P:A4 SP:FB
C970 D0 05 00 A:FF X:00 Y:00 P:27 SP:FB
C972 70 03 00 A:FF X:00 Y:00 P:27 SP:FB
C974 4C 7B C9 A:FF X:00 Y:00 P:27 SP:FB
C97B EA 00 00 A:FF X:00 Y:00 P:27 SP:FB
C97C 38 00 00 A:FF X:00 Y:00 P:27 SP:FB
C97D B8 00 00 A:FF X:00 Y:00 P:27 SP:FB
C97E A9 7F 00 A:FF X:00 Y:00 P:27 SP:FB
C980 69 80 00 A:7F X:00 Y:00 P:25 SP:FB
C982 D0 09 00 A:00 X:00 Y:00 P:27 SP:FB
C984 30 07 00 A:00 X:00 Y:00 P:27 SP:FB
C986 70 05 00 A:00 X:00 Y:00 P:27 SP:FB
C988 90 03 00 A:00 X:00 Y:00 P:27 SP:FB
C98A 4C 91 C9 A:00 X:00 Y:00 P:27 SP:FB
C991 EA 00 00 A:00 X:00 Y:00 P:27 SP:FB
C992 38 00 00 A:00 X:00 Y:00 P:27 SP:FB
C993 B8 00 00 A:00 X:00 Y:00 P:27 SP:FB
C994 A9 9F 00 A:00 X:00 Y:00 P:27 SP:FB
C996 F0 09 00 A:9F X:00 Y:00 P:A5 SP:FB
C998 10 07 00 A:9F X:00 Y:00 P:A5 SP:FB
C99A 70 05 00 A:9F X:00 Y:00 P:A5 SP:FB
C99C 90 03 00 A:9F X:00 Y:00 P:A5 SP:FB
C99E 4C A5 C9 A:9F X:00 Y:00 P:A5 SP:FB
C9A5 EA 00 00 A:9F X:00 Y:00 P:A5 SP:FB
C9A6 18 00 00 A:9F X:00 Y:00 P:A5 SP:FB
C9A7 24 01 00 A:9F X:00 Y:00 P:A4 SP:FB
C9A9 A9 00 00 A:9F X:00 Y:00 P:E4 SP:FB
C9AB D0 09 00 A:00 X:00 Y:00 P:66 SP:FB
C9AD 30 07 00 A:00 X:00 Y:00 P:66 SP:FB
C9AF 50 05 00 A:00 X:00 Y:00 P:66 SP:FB
C9B1 B0 03 00 A:00 X:00 Y:00 P:66 SP:FB
C9B3 4C BA C9 A:00 X:00 Y:00 P:66 SP:FB
C9BA EA 00 00 A:00 X:00 Y:00 P:66 SP:FB
C9BB 24 01 00 A:00 X:00 Y:00 P:66 SP:FB
C9BD A9 40 00 A:00 X:00 Y:00 P:E6 SP:FB
C9BF C9 40 00 A:40 X:00 Y:00 P:64 SP:FB
C9C1 30 09 00 A:40 X:00 Y:00 P:67 SP:FB
C9C3 90 07 00 A:40 X:00 Y:00 P:67 SP:FB
C9C5 D0 05 00 A:40 X:00 Y:00 P:67 SP:FB
C9C7 50 03 00 A:40 X:00 Y:00 P:67 SP:FB
C9C9 4C D0 C9 A:40 X:00 Y:00 P:67 SP:FB
C9D0 EA 00 00 A:40 X:00 Y:00 P:67 SP:FB
C9D1 B8 00 00 A:40 X:00 Y:00 P:67 SP:FB
C9D2 C9 3F 00 A:40 X:00 Y:00 P:27 SP:FB
C9D4 F0 09 00 A:40 X:00 Y:00 P:25 SP:FB
C9D6 30 07 00 A:40 X:00 Y:00 P:25 SP:FB
C9D8 90 05 00 A:40 X:00 Y:00 P:25 SP:FB
C9DA 70 03 00 A:40 X:00 Y:00 P:25 SP:FB
C9DC 4C E3 C9 A:40 X:00 Y:00 P:25 SP:FB
C9E3 EA 00 00 A:40 X:00 Y:00 P:25 SP:FB
C9E4 C9 41 00 A:40 X:00 Y:00 P:25 SP:FB
C9E6 F0 07 00 A:40 X:00 Y:00 P:A4 SP:FB
C9E8 10 05 00 A:40 X:00 Y:00 P:A4 SP:FB
C9EA 10 03 00 A:40 X:00 Y:00 P:A4 SP:FB
C9EC 4C F3 C9 A:40 X:00 Y:00 P:A4 SP:FB
C9F3 EA 00 00 A:40 X:00 Y:00 P:A4 SP:FB
C9F4 A9 80 00 A:40 X:00 Y:00 P:A4 SP:FB
C9F6 C9 00 00 A:80 X:00 Y:00 P:A4 SP:FB
C9F8 F0 07 00 A:80 X:00 Y:00 P:A5 SP:FB
C9FA 10 05 00 A:80 X:00 Y:00 P:A5 SP:FB
C9FC 90 03 00 A:80 X:00 Y:00 P:A5 SP:FB
C9FE 4C 05 CA A:80 X:00 Y:00 P:A5 SP:FB
CA05 EA 00 00 A:80 X:00 Y:00 P:A5 SP:FB
CA06 C9 80 00 A:80 X:00 Y:00 P:A5 SP:FB
CA08 D0 07 00 A:80 X:00 Y:00 P:27 SP:FB
CA0A 30 05 00 A:80 X:00 Y:00 P:27 SP:FB
CA0C 90 03 00 A:80 X:00 Y:00 P:27 SP:FB
CA0E 4C 15 CA A:80 X:00 Y:00 P:27 SP:FB
CA15 EA 00 00 A:80 X:00 Y:00 P:27 SP:FB
CA16 C9 81 00 A:80 X:00 Y:00 P:27 SP:FB
CA18 B0 07 00 A:80 X:00 Y:00 P:A4 SP:FB
CA1A F0 05 00 A:80 X:00 Y:00 P:A4 SP:FB
CA1C 10 03 00 A:80 X:00 Y:00 P:A4 SP:FB
CA1E 4C 25 CA A:80 X:00 Y:00 P:A4 SP:FB
CA25 EA 00 00 A:80 X:00 Y:00 P:A4 SP:FB
CA26 C9 7F 00 A:80 X:00 Y:00 P:A4 SP:FB
CA28 90 07 00 A:80 X:00 Y:00 P:25 SP:FB
CA2A F0 05 00 A:80 X:00 Y:00 P:25 SP:FB
CA2C 30 03 00 A:80 X:00 Y:00 P:25 SP:FB
CA2E 4C 35 CA A:80 X:00 Y:00 P:25 SP:FB
CA35 EA 00 00 A:80 X:00 Y:00 P:25 SP:FB
CA36 24 01 00 A:80 X:00 Y:00 P:25 SP:FB
CA38 A0 40 00 A:80 X:00 Y:00 P:E5 SP:FB
CA3A C0 40 00 A:80 X:00 Y:40 P:65 SP:FB
CA3C D0 09 00 A:80 X:00 Y:40 P:67 SP:FB
CA3E 30 07 00 A:80 X:00 Y:40 P:67 SP:FB
CA40 90 05 00 A:80 X:00 Y:40 P:67 SP:FB
CA42 50 03 00 A:80 X:00 Y:40 P:67 SP:FB
CA44 4C 4B CA A:80 X:00 Y:40 P:67 SP:FB
CA4B EA 00 00 A:80 X:00 Y:40 P:67 SP:FB
CA4C B8 00 00 A:80 X:00 Y:40 P:67 SP:FB
CA4D C0 3F 00 A:80 X:00 Y:40 P:27 SP:FB
CA4F F0 09 00 A:80 X:00 Y:40 P:25 SP:FB
CA51 30 07 00 A:80 X:00 Y:40 P:25 SP:FB
CA53 90 05 00 A:80 X:00 Y:40 P:25 SP:FB
CA55 70 03 00 A:80 X:00 Y:40 P:25 SP:FB
CA57 4C 5E CA A:80 X:00 Y:40 P:25 SP:FB
CA5E EA 00 00 A:80 X:00 Y:40 P:25 SP:FB
CA5F C0 41 00 A:80 X:00 Y:40 P:25 SP:FB
CA61 F0 07 00 A:80 X:00 Y:40 P:A4 SP:FB
CA63 10 05 00 A:80 X:00 Y:40 P:A4 SP:FB
CA65 10 03 00 A:80 X:00 Y:40 P:A4 SP:FB
CA67 4C 6E CA A:80 X:00 Y:40 P:A4 SP:FB
CA6E EA 00 00 A:80 X:00 Y:40 P:A4 SP:FB
CA6F A0 80 00 A:80 X:00 Y:40 P:A4 SP:FB
CA71 C0 00 00 A:80 X:00 Y:80 P:A4 SP:FB
CA73 F0 07 00 A:80 X:00 Y:80 P:A5 SP:FB
CA75 10 05 00 A:80 X:00 Y:80 P:A5 SP:FB
CA77 90 03 00 A:80 X:00 Y:80 P:A5 SP:FB
CA79 4C 80 CA A:80 X:00 Y:80 P:A5 SP:FB
CA80 EA 00 00 A:80 X:00 Y:80 P:A5 SP:FB
CA81 C0 80 00 A:80 X:00 Y:80 P:A5 SP:FB
CA83 D0 07 00 A:80 X:00 Y:80 P:27 SP:FB
CA85 30 05 00 A:80 X:00 Y:80 P:27 SP:FB
CA87 90 03 00 A:80 X:00 Y:80 P:27 SP:FB
CA89 4C 90 CA A:80 X:00 Y:80 P:27 SP:FB
CA90 EA 00 00 A:80 X:00 Y:80 P:27 SP:FB
CA91 C0 81 00 A:80 X:00 Y:80 P:27 SP:FB
CA93 B0 07 00 A:80 X:00 Y:80 P:A4 SP:FB
CA95 F0 05 00 A:80 X:00 Y:80 P:A4 SP:FB
CA97 10 03 00 A:80 X:00 Y:80 P:A4 SP:FB
CA99 4C A0 CA A:80 X:00 Y:80 P:A4 SP:FB
CAA0 EA 00 00 A:80 X:00 Y:80 P:A4 SP:FB
CAA1 C0 7F 00 A:80 X:00 Y:80 P:A4 SP:FB
CAA3 90 07 00 A:80 X:00 Y:80 P:25 SP:FB
CAA5 F0 05 00 A:80 X:00 Y:80 P:25 SP:FB
CAA7 30 03 00 A:80 X:00 Y:80 P:25 SP:FB
CAA9 4C B0 CA A:80 X:00 Y:80 P:25 SP:FB
CAB0 EA 00 00 A:80 X:00 Y:80 P:25 SP:FB
CAB1 24 01 00 A:80 X:00 Y:80 P:25 SP:FB
CAB3 A2 40 00 A:80 X:00 Y:80 P:E5 SP:FB
CAB5 E0 40 00 A:80 X:40 Y:80 P:65 SP:FB
CAB7 D0 09 00 A:80 X:40 Y:80 P:67 SP:FB
CAB9 30 07 00 A:80 X:40 Y:80 P:67 SP:FB
CABB 90 05 00 A:80 X:40 Y:80 P:67 SP:FB
CABD 50 03 00 A:80 X:40 Y:80 P:67 SP:FB
CABF 4C C6 CA A:80 X:40 Y:80 P:67 SP:FB
CAC6 EA 00 00 A:80 X:40 Y:80 P:67 SP:FB
CAC7 B8 00 00 A:80 X:40 Y:80 P:67 SP:FB
CAC8 E0 3F 00 A:80 X:40 Y:80 P:27 SP:FB
CACA F0 09 00 A:80 X:40 Y:80 P:25 SP:FB
CACC 30 07 00 A:80 X:40 Y:80 P:25 SP:FB
CACE 90 05 00 A:80 X:40 Y:80 P:25 SP:FB
CAD0 70 03 00 A:80 X:40 Y:80 P:25 SP:FB
CAD2 4C D9 CA A:80 X:40 Y:80 P:25 SP:FB
CAD9 EA 00 00 A:80 X:40 Y:80 P:25 SP:FB
CADA E0 41 00 A:80 X:40 Y:80 P:25 SP:FB
CADC F0 07 00 A:80 X:40 Y:80 P:A4 SP:FB
CADE 10 05 00 A:80 X:40 Y:80 P:A4 SP:FB
CAE0 10 03 00 A:80 X:40 Y:80 P:A4 SP:FB
CAE2 4C E9 CA A:80 X:40 Y:80 P:A4 SP:FB
CAE9 EA 00 00 A:80 X:40 Y:80 P:A4 SP:FB
CAEA A2 80 00 A:80 X:40 Y:80 P:A4 SP:FB
CAEC E0 00 00 A:80 X:80 Y:80 P:A4 SP:FB
CAEE F0 07 00 A:80 X:80 Y:80 P:A5 SP:FB
CAF0 10 05 00 A:80 X:80 Y:80 P:A5 SP:FB
CAF2 90 03 00 A:80 X:80 Y:80 P:A5 SP:FB
CAF4 4C FB CA A:80 X:80 Y:80 P:A5 SP:FB
CAFB EA 00 00 A:80 X:80 Y:80 P:A5 SP:FB
CAFC E0 80 00 A:80 X:80 Y:80 P:A5 SP:FB
CAFE D0 07 00 A:80 X:80 Y:80 P:27 SP:FB
CB00 30 05 00 A:80 X:80 Y:80 P:27 SP:FB
CB02 90 03 00 A:80 X:80 Y:80 P:27 SP:FB
CB04 4C 0B CB A:80 X:80 Y:80 P:27 SP:FB
CB0B EA 00 00 A:80 X:80 Y:80 P:27 SP:FB
CB0C E0 81 00 A:80 X:80 Y:80 P:27 SP:FB
CB0E B0 07 00 A:80 X:80 Y:80 P:A4 SP:FB
CB10 F0 05 00 A:80 X:80 Y:80 P:A4 SP:FB
CB12 10 03 00 A:80 X:80 Y:80 P:A4 SP:FB
CB14 4C 1B CB A:80 X:80 Y:80 P:A4 SP:FB
CB1B EA 00 00 A:80 X:80 Y:80 P:A4 SP:FB
CB1C E0 7F 00 A:80 X:80 Y:80 P:A4 SP:FB
CB1E 90 07 00 A:80 X:80 Y:80 P:25 SP:FB
CB20 F0 05 00 A:80 X:80 Y:80 P:25 SP:FB
CB22 30 03 00 A:80 X:80 Y:80 P:25 SP:FB
CB24 4C 2B CB A:80 X:80 Y:80 P:25 SP:FB
CB2B EA 00 00 A:80 X:80 Y:80 P:25 SP:FB
CB2C 38 00 00 A:80 X:80 Y:80 P:25 SP:FB
CB2D B8 00 00 A:80 X:80 Y:80 P:25 SP:FB
CB2E A2 9F 00 A:80 X:80 Y:80 P:25 SP:FB
CB30 F0 09 00 A:80 X:9F Y:80 P:A5 SP:FB
CB32 10 07 00 A:80 X:9F Y:80 P:A5 SP:FB
CB34 70 05 00 A:80 X:9F Y:80 P:A5 SP:FB
CB36 90 03 00 A:80 X:9F Y:80 P:A5 SP:FB
CB38 4C 3F CB A:80 X:9F Y:80 P:A5 SP:FB
CB3F EA 00 00 A:80 X:9F Y:80 P:A5 SP:FB
CB40 18 00 00 A:80 X:9F Y:80 P:A5 SP:FB
CB41 24 01 00 A:80 X:9F Y:80 P:A4 SP:FB
CB43 A2 00 00 A:80 X:9F Y:80 P:E4 SP:FB
CB45 D0 09 00 A:80 X:00 Y:80 P:66 SP:FB
CB47 30 07 00 A:80 X:00 Y:80 P:66 SP:FB
CB49 50 05 00 A:80 X:00 Y:80 P:66 SP:FB
CB4B B0 03 00 A:80 X:00 Y:80 P:66 SP:FB
CB4D 4C 54 CB A:80 X:00 Y:80 P:66 SP:FB
CB54 EA 00 00 A:80 X:00 Y:80 P:66 SP:FB
CB55 38 00 00 A:80 X:00 Y:80 P:66 SP:FB
CB56 B8 00 00 A:80 X:00 Y:80 P:67 SP:FB
CB57 A0 9F 00 A:80 X:00 Y:80 P:27 SP:FB
CB59 F0 09 00 A:80 X:00 Y:9F P:A5 SP:FB
CB5B 10 07 00 A:80 X:00 Y:9F P:A5 SP:FB
CB5D 70 05 00 A:80 X:00 Y:9F P:A5 SP:FB
CB5F 90 03 00 A:80 X:00 Y:9F P:A5 SP:FB
CB61 4C 68 CB A:80 X:00 Y:9F P:A5 SP:FB
CB68 EA 00 00 A:80 X:00 Y:9F P:A5 SP:FB
CB69 18 00 00 A:80 X:00 Y:9F P:A5 SP:FB
CB6A 24 01 00 A:80 X:00 Y:9F P:A4 SP:FB
CB6C A0 00 00 A:80 X:00 Y:9F P:E4 SP:FB
CB6E D0 09 00 A:80 X:00 Y:00 P:66 SP:FB
CB70 30 07 00 A:80 X:00 Y:00 P:66 SP:FB
CB72 50 05 00 A:80 X:00 Y:00 P:66 SP:FB
CB74 B0 03 00 A:80 X:00 Y:00 P:66 SP:FB
CB76 4C 7D CB A:80 X:00 Y:00 P:66 SP:FB
CB7D EA 00 00 A:80 X:00 Y:00 P:66 SP:FB
CB7E A9 55 00 A:80 X:00 Y:00 P:66 SP:FB
CB80 A2 AA 00 A:55 X:00 Y:00 P:64 SP:FB
CB82 A0 33 00 A:55 X:AA Y:00 P:E4 SP:FB
CB84 C9 55 00 A:55 X:AA Y:33 P:64 SP:FB
CB86 D0 23 00 A:55 X:AA Y:33 P:67 SP:FB
CB88 E0 AA 00 A:55 X:AA Y:33 P:67 SP:FB
CB8A D0 1F 00 A:55 X:AA Y:33 P:67 SP:FB
CB8C C0 33 00 A:55 X:AA Y:33 P:67 SP:FB
CB8E D0 1B 00 A:55 X:AA Y:33 P:67 SP:FB
CB90 C9 55 00 A:55 X:AA Y:33 P:67 SP:FB
CB92 D0 17 00 A:55 X:AA Y:33 P:67 SP:FB
CB94 E0 AA 00 A:55 X:AA Y:33 P:67 SP:FB
CB96 D0 13 00 A:55 X:AA Y:33 P:67 SP:FB
CB98 C0 33 00 A:55 X:AA Y:33 P:67 SP:FB
CB9A D0 0F 00 A:55 X:AA Y:33 P:67 SP:FB
CB9C C9 56 00 A:55 X:AA Y:33 P:67 SP:FB
CB9E F0 0B 00 A:55 X:AA Y:33 P:E4 SP:FB
CBA0 E0 AB 00 A:55 X:AA Y:33 P:E4 SP:FB
CBA2 F0 07 00 A:55 X:AA Y:33 P:E4 SP:FB
CBA4 C0 34 00 A:55 X:AA Y:33 P:E4 SP:FB
CBA6 F0 03 00 A:55 X:AA Y:33 P:E4 SP:FB
CBA8 4C AF CB A:55 X:AA Y:33 P:E4 SP:FB
CBAF A0 71 00 A:55 X:AA Y:33 P:E4 SP:FB
CBB1 20 31 F9 A:55 X:AA Y:71 P:64 SP:FB
F931 24 01 00 A:55 X:AA Y:71 P:64 SP:F9
F933 A9 40 00 A:55 X:AA Y:71 P:E4 SP:F9
F935 38 00 00 A:40 X:AA Y:71 P:64 SP:F9
F936 60 00 00 A:40 X:AA Y:71 P:65 SP:F9
CBB4 E9 40 00 A:40 X:AA Y:71 P:65 SP:FB
CBB6 20 37 F9 A:00 X:AA Y:71 P:26 SP:FB
F937 30 0B 00 A:00 X:AA Y:71 P:26 SP:F9
F939 90 09 00 A:00 X:AA Y:71 P:26 SP:F9
F944 84 00 00 A:00 X:AA Y:71 P:26 SP:F9
F946 60 00 00 A:00 X:AA Y:71 P:26 SP:F9
CBB9 C8 00 00 A:00 X:AA Y:71 P:26 SP:FB
CBBA 20 47 F9 A:00 X:AA Y:72 P:24 SP:FB
F947 B8 00 00 A:00 X:AA Y:72 P:24 SP:F9
F948 38 00 00 A:00 X:AA Y:72 P:24 SP:F9
F949 A9 40 00 A:00 X:AA Y:72 P:25 SP:F9
F94B 60 00 00 A:40 X:AA Y:72 P:25 SP:F9
CBBD E9 3F 00 A:40 X:AA Y:72 P:25 SP:FB
CBBF 20 4C F9 A:01 X:AA Y:72 P:24 SP:FB
F94C F0 0B 00 A:01 X:AA Y:72 P:24 SP:F9
F94E 30 09 00 A:01 X:AA Y:72 P:24 SP:F9
F950 90 07 00 A:01 X:AA Y:72 P:24 SP:F9
F959 84 00 00 A:01 X:AA Y:72 P:24 SP:F9
F95B 60 00 00 A:01 X:AA Y:72 P:24 SP:F9
CBC2 C8 00 00 A:01 X:AA Y:72 P:24 SP:FB
CBC3 20 5C F9 A:01 X:AA Y:73 P:24 SP:FB
F95C A9 40 00 A:01 X:AA Y:73 P:24 SP:F9
F95E 38 00 00 A:40 X:AA Y:73 P:24 SP:F9
F95F 24 01 00 A:40 X:AA Y:73 P:25 SP:F9
F961 60 00 00 A:40 X:AA Y:73 P:E5 SP:F9
CBC6 E9 41 00 A:40 X:AA Y:73 P:E5 SP:FB
CBC8 20 62 F9 A:FF X:AA Y:73 P:A5 SP:FB
F962 B0 0B 00 A:FF X:AA Y:73 P:A5 SP:F9
F96F 84 00 00 A:FF X:AA Y:73 P:A5 SP:F9
F971 60 00 00 A:FF X:AA Y:73 P:A5 SP:F9
CBCB C8 00 00 A:FF X:AA Y:73 P:A5 SP:FB
CBCC 20 72 F9 A:FF X:AA Y:74 P:25 SP:FB
F972 18 00 00 A:FF X:AA Y:74 P:25 SP:F9
F973 A9 80 00 A:FF X:AA Y:74 P:24 SP:F9
F975 60 00 00 A:80 X:AA Y:74 P:A4 SP:F9
CBCF E9 00 00 A:80 X:AA Y:74 P:A4 SP:FB
CBD1 20 76 F9 A:7F X:AA Y:74 P:64 SP:FB
F976 90 05 00 A:7F X:AA Y:74 P:64 SP:F9
F97D 84 00 00 A:7F X:AA Y:74 P:64 SP:F9
F97F 60 00 00 A:7F X:AA Y:74 P:64 SP:F9
CBD4 C8 00 00 A:7F X:AA Y:74 P:64 SP:FB
CBD5 20 80 F9 A:7F X:AA Y:75 P:64 SP:FB
F980 38 00 00 A:7F X:AA Y:75 P:64 SP:F9
F981 A9 81 00 A:7F X:AA Y:75 P:65 SP:F9
F983 60 00 00 A:81 X:AA Y:75 P:E5 SP:F9
CBD8 E9 7F 00 A:81 X:AA Y:75 P:E5 SP:FB
CBDA 20 84 F9 A:02 X:AA Y:75 P:64 SP:FB
F984 50 07 00 A:02 X:AA Y:75 P:64 SP:F9
F986 90 05 00 A:02 X:AA Y:75 P:64 SP:F9
F98D 84 00 00 A:02 X:AA Y:75 P:64 SP:F9
F98F 60 00 00 A:02 X:AA Y:75 P:64 SP:F9
CBDD 60 00 00 A:02 X:AA Y:75 P:64 SP:FB
C606 20 DE CB A:02 X:AA Y:75 P:64 SP:FD
CBDE EA 00 00 A:02 X:AA Y:75 P:64 SP:FB
CBDF A9 FF 00 A:02 X:AA Y:75 P:64 SP:FB
CBE1 85 01 00 A:FF X:AA Y:75 P:E4 SP:FB
CBE3 A9 44 00 A:FF X:AA Y:75 P:E4 SP:FB
CBE5 A2 55 00 A:44 X:AA Y:75 P:64 SP:FB
CBE7 A0 66 00 A:44 X:55 Y:75 P:64 SP:FB
CBE9 E8 00 00 A:44 X:55 Y:66 P:64 SP:FB
CBEA 88 00 00 A:44 X:56 Y:66 P:64 SP:FB
CBEB E0 56 00 A:44 X:56 Y:65 P:64 SP:FB
CBED D0 21 00 A:44 X:56 Y:65 P:67 SP:FB
CBEF C0 65 00 A:44 X:56 Y:65 P:67 SP:FB
CBF1 D0 1D 00 A:44 X:56 Y:65 P:67 SP:FB
CBF3 E8 00 00 A:44 X:56 Y:65 P:67 SP:FB
CBF4 E8 00 00 A:44 X:57 Y:65 P:65 SP:FB
CBF5 88 00 00 A:44 X:58 Y:65 P:65 SP:FB
CBF6 88 00 00 A:44 X:58 Y:64 P:65 SP:FB
CBF7 E0 58 00 A:44 X:58 Y:63 P:65 SP:FB
CBF9 D0 15 00 A:44 X:58 Y:63 P:67 SP:FB
CBFB C0 63 00 A:44 X:58 Y:63 P:67 SP:FB
CBFD D0 11 00 A:44 X:58 Y:63 P:67 SP:FB
CBFF CA 00 00 A:44 X:58 Y:63 P:67 SP:FB
CC00 C8 00 00 A:44 X:57 Y:63 P:65 SP:FB
CC01 E0 57 00 A:44 X:57 Y:64 P:65 SP:FB
CC03 D0 0B 00 A:44 X:57 Y:64 P:67 SP:FB
CC05 C0 64 00 A:44 X:57 Y:64 P:67 SP:FB
CC07 D0 07 00 A:44 X:57 Y:64 P:67 SP:FB
CC09 C9 44 00 A:44 X:57 Y:64 P:67 SP:FB
CC0B D0 03 00 A:44 X:57 Y:64 P:67 SP:FB
CC0D 4C 14 CC A:44 X:57 Y:64 P:67 SP:FB
CC14 EA 00 00 A:44 X:57 Y:64 P:67 SP:FB
CC15 38 00 00 A:44 X:57 Y:64 P:67 SP:FB
CC16 A2 69 00 A:44 X:57 Y:64 P:67 SP:FB
CC18 A9 96 00 A:44 X:69 Y:64 P:65 SP:FB
CC1A 24 01 00 A:96 X:69 Y:64 P:E5 SP:FB
CC1C A0 FF 00 A:96 X:69 Y:64 P:E5 SP:FB
CC1E C8 00 00 A:96 X:69 Y:FF P:E5 SP:FB
CC1F D0 3D 00 A:96 X:69 Y:00 P:67 SP:FB
CC21 30 3B 00 A:96 X:69 Y:00 P:67 SP:FB
CC23 90 39 00 A:96 X:69 Y:00 P:67 SP:FB
CC25 50 37 00 A:96 X:69 Y:00 P:67 SP:FB
CC27 C0 00 00 A:96 X:69 Y:00 P:67 SP:FB
CC29 D0 33 00 A:96 X:69 Y:00 P:67 SP:FB
CC2B C8 00 00 A:96 X:69 Y:00 P:67 SP:FB
CC2C F0 30 00 A:96 X:69 Y:01 P:65 SP:FB
CC2E 30 2E 00 A:96 X:69 Y:01 P:65 SP:FB
CC30 90 2C 00 A:96 X:69 Y:01 P:65 SP:FB
CC32 50 2A 00 A:96 X:69 Y:01 P:65 SP:FB
CC34 18 00 00 A:96 X:69 Y:01 P:65 SP:FB
CC35 B8 00 00 A:96 X:69 Y:01 P:64 SP:FB
CC36 A0 00 00 A:96 X:69 Y:01 P:24 SP:FB
CC38 88 00 00 A:96 X:69 Y:00 P:26 SP:FB
CC39 F0 23 00 A:96 X:69 Y:FF P:A4 SP:FB
CC3B 10 21 00 A:96 X:69 Y:FF P:A4 SP:FB
CC3D B0 1F 00 A:96 X:69 Y:FF P:A4 SP:FB
CC3F 70 1D 00 A:96 X:69 Y:FF P:A4 SP:FB
CC41 C0 FF 00 A:96 X:69 Y:FF P:A4 SP:FB
CC43 D0 19 00 A:96 X:69 Y:FF P:27 SP:FB
CC45 18 00 00 A:96 X:69 Y:FF P:27 SP:FB
CC46 88 00 00 A:96 X:69 Y:FF P:26 SP:FB
CC47 F0 15 00 A:96 X:69 Y:FE P:A4 SP:FB
CC49 10 13 00 A:96 X:69 Y:FE P:A4 SP:FB
CC4B B0 11 00 A:96 X:69 Y:FE P:A4 SP:FB
CC4D 70 0F 00 A:96 X:69 Y:FE P:A4 SP:FB
CC4F C0 FE 00 A:96 X:69 Y:FE P:A4 SP:FB
CC51 D0 0B 00 A:96 X:69 Y:FE P:27 SP:FB
CC53 C9 96 00 A:96 X:69 Y:FE P:27 SP:FB
CC55 D0 07 00 A:96 X:69 Y:FE P:27 SP:FB
CC57 E0 69 00 A:96 X:69 Y:FE P:27 SP:FB
CC59 D0 03 00 A:96 X:69 Y:FE P:27 SP:FB
CC5B 4C 62 CC A:96 X:69 Y:FE P:27 SP:FB
CC62 EA 00 00 A:96 X:69 Y:FE P:27 SP:FB
CC63 38 00 00 A:96 X:69 Y:FE P:27 SP:FB
CC64 A0 69 00 A:96 X:69 Y:FE P:27 SP:FB
CC66 A9 96 00 A:96 X:69 Y:69 P:25 SP:FB
CC68 24 01 00 A:96 X:69 Y:69 P:A5 SP:FB
CC6A A2 FF 00 A:96 X:69 Y:69 P:E5 SP:FB
CC6C E8 00 00 A:96 X:FF Y:69 P:E5 SP:FB
CC6D D0 3D 00 A:96 X:00 Y:69 P:67 SP:FB
CC6F 30 3B 00 A:96 X:00 Y:69 P:67 SP:FB
CC71 90 39 00 A:96 X:00 Y:69 P:67 SP:FB
CC73 50 37 00 A:96 X:00 Y:69 P:67 SP:FB
CC75 E0 00 00 A:96 X:00 Y:69 P:67 SP:FB
CC77 D0 33 00 A:96 X:00 Y:69 P:67 SP:FB
CC79 E8 00 00 A:96 X:00 Y:69 P:67 SP:FB
CC7A F0 30 00 A:96 X:01 Y:69 P:65 SP:FB
CC7C 30 2E 00 A:96 X:01 Y:69 P:65 SP:FB
CC7E 90 2C 00 A:96 X:01 Y:69 P:65 SP:FB
CC80 50 2A 00 A:96 X:01 Y:69 P:65 SP:FB
CC82 18 00 00 A:96 X:01 Y:69 P:65 SP:FB
CC83 B8 00 00 A:96 X:01 Y:69 P:64 SP:FB
CC84 A2 00 00 A:96 X:01 Y:69 P:24 SP:FB
CC86 CA 00 00 A:96 X:00 Y:69 P:26 SP:FB
CC87 F0 23 00 A:96 X:FF Y:69 P:A4 SP:FB
CC89 10 21 00 A:96 X:FF Y:69 P:A4 SP:FB
CC8B B0 1F 00 A:96 X:FF Y:69 P:A4 SP:FB
CC8D 70 1D 00 A:96 X:FF Y:69 P:A4 SP:FB
CC8F E0 FF 00 A:96 X:FF Y:69 P:A4 SP:FB
CC91 D0 19 00 A:96 X:FF Y:69 P:27 SP:FB
CC93 18 00 00 A:96 X:FF Y:69 P:27 SP:FB
CC94 CA 00 00 A:96 X:FF Y:69 P:26 SP:FB
CC95 F0 15 00 A:96 X:FE Y:69 P:A4 SP:FB
CC97 10 13 00 A:96 X:FE Y:69 P:A4 SP:FB
CC99 B0 11 00 A:96 X:FE Y:69 P:A4 SP:FB
CC9B 70 0F 00 A:96 X:FE Y:69 P:A4 SP:FB
CC9D E0 FE 00 A:96 X:FE Y:69 P:A4 SP:FB
CC9F D0 0B 00 A:96 X:FE Y:69 P:27 SP:FB
CCA1 C9 96 00 A:96 X:FE Y:69 P:27 SP:FB
CCA3 D0 07 00 A:96 X:FE Y:69 P:27 SP:FB
CCA5 C0 69 00 A:96 X:FE Y:69 P:27 SP:FB
CCA7 D0 03 00 A:96 X:FE Y:69 P:27 SP:FB
CCA9 4C B0 CC A:96 X:FE Y:69 P:27 SP:FB
CCB0 EA 00 00 A:96 X:FE Y:69 P:27 SP:FB
CCB1 A9 85 00 A:96 X:FE Y:69 P:27 SP:FB
CCB3 A2 34 00 A:85 X:FE Y:69 P:A5 SP:FB
CCB5 A0 99 00 A:85 X:34 Y:69 P:25 SP:FB
CCB7 18 00 00 A:85 X:34 Y:99 P:A5 SP:FB
CCB8 24 01 00 A:85 X:34 Y:99 P:A4 SP:FB
CCBA A8 00 00 A:85 X:34 Y:99 P:E4 SP:FB
CCBB F0 2E 00 A:85 X:34 Y:85 P:E4 SP:FB
CCBD B0 2C 00 A:85 X:34 Y:85 P:E4 SP:FB
CCBF 50 2A 00 A:85 X:34 Y:85 P:E4 SP:FB
CCC1 10 28 00 A:85 X:34 Y:85 P:E4 SP:FB
CCC3 C9 85 00 A:85 X:34 Y:85 P:E4 SP:FB
CCC5 D0 24 00 A:85 X:34 Y:85 P:67 SP:FB
CCC7 E0 34 00 A:85 X:34 Y:85 P:67 SP:FB
CCC9 D0 20 00 A:85 X:34 Y:85 P:67 SP:FB
CCCB C0 85 00 A:85 X:34 Y:85 P:67 SP:FB
CCCD D0 1C 00 A:85 X:34 Y:85 P:67 SP:FB
CCCF A9 00 00 A:85 X:34 Y:85 P:67 SP:FB
CCD1 38 00 00 A:00 X:34 Y:85 P:67 SP:FB
CCD2 B8 00 00 A:00 X:34 Y:85 P:67 SP:FB
CCD3 A8 00 00 A:00 X:34 Y:85 P:27 SP:FB
CCD4 D0 15 00 A:00 X:34 Y:00 P:27 SP:FB
CCD6 90 13 00 A:00 X:34 Y:00 P:27 SP:FB
CCD8 70 11 00 A:00 X:34 Y:00 P:27 SP:FB
CCDA 30 0F 00 A:00 X:34 Y:00 P:27 SP:FB
CCDC C9 00 00 A:00 X:34 Y:00 P:27 SP:FB
CCDE D0 0B 00 A:00 X:34 Y:00 P:27 SP:FB
CCE0 E0 34 00 A:00 X:34 Y:00 P:27 SP:FB
CCE2 D0 07 00 A:00 X:34 Y:00 P:27 SP:FB
CCE4 C0 00 00 A:00 X:34 Y:00 P:27 SP:FB
CCE6 D0 03 00 A:00 X:34 Y:00 P:27 SP:FB
CCE8 4C EF CC A:00 X:34 Y:00 P:27 SP:FB
CCEF EA 00 00 A:00 X:34 Y:00 P:27 SP:FB
CCF0 A9 85 00 A:00 X:34 Y:00 P:27 SP:FB
CCF2 A2 34 00 A:85 X:34 Y:00 P:A5 SP:FB
CCF4 A0 99 00 A:85 X:34 Y:00 P:25 SP:FB
CCF6 18 00 00 A:85 X:34 Y:99 P:A5 SP:FB
CCF7 24 01 00 A:85 X:34 Y:99 P:A4 SP:FB
CCF9 AA 00 00 A:85 X:34 Y:99 P:E4 SP:FB
CCFA F0 2E 00 A:85 X:85 Y:99 P:E4 SP:FB
CCFC B0 2C 00 A:85 X:85 Y:99 P:E4 SP:FB
CCFE 50 2A 00 A:85 X:85 Y:99 P:E4 SP:FB
CD00 10 28 00 A:85 X:85 Y:99 P:E4 SP:FB
CD02 C9 85 00 A:85 X:85 Y:99 P:E4 SP:FB
CD04 D0 24 00 A:85 X:85 Y:99 P:67 SP:FB
CD06 E0 85 00 A:85 X:85 Y:99 P:67 SP:FB
CD08 D0 20 00 A:85 X:85 Y:99 P:67 SP:FB
CD0A C0 99 00 A:85 X:85 Y:99 P:67 SP:FB
CD0C D0 1C 00 A:85 X:85 Y:99 P:67 SP:FB
CD0E A9 00 00 A:85 X:85 Y:99 P:67 SP:FB
CD10 38 00 00 A:00 X:85 Y:99 P:67 SP:FB
CD11 B8 00 00 A:00 X:85 Y:99 P:67 SP:FB
CD12 AA 00 00 A:00 X:85 Y:99 P:27 SP:FB
CD13 D0 15 00 A:00 X:00 Y:99 P:27 SP:FB
CD15 90 13 00 A:00 X:00 Y:99 P:27 SP:FB
CD17 70 11 00 A:00 X:00 Y:99 P:27 SP:FB
CD19 30 0F 00 A:00 X:00 Y:99 P:27 SP:FB
CD1B C9 00 00 A:00 X:00 Y:99 P:27 SP:FB
CD1D D0 0B 00 A:00 X:00 Y:99 P:27 SP:FB
CD1F E0 00 00 A:00 X:00 Y:99 P:27 SP:FB
CD21 D0 07 00 A:00 X:00 Y:99 P:27 SP:FB
CD23 C0 99 00 A:00 X:00 Y:99 P:27 SP:FB
CD25 D0 03 00 A:00 X:00 Y:99 P:27 SP:FB
CD27 4C 2E CD A:00 X:00 Y:99 P:27 SP:FB
CD2E EA 00 00 A:00 X:00 Y:99 P:27 SP:FB
CD2F A9 85 00 A:00 X:00 Y:99 P:27 SP:FB
CD31 A2 34 00 A:85 X:00 Y:99 P:A5 SP:FB
CD33 A0 99 00 A:85 X:34 Y:99 P:25 SP:FB
CD35 18 00 00 A:85 X:34 Y:99 P:A5 SP:FB
CD36 24 01 00 A:85 X:34 Y:99 P:A4 SP:FB
CD38 98 00 00 A:85 X:34 Y:99 P:E4 SP:FB
CD39 F0 2E 00 A:99 X:34 Y:99 P:E4 SP:FB
CD3B B0 2C 00 A:99 X:34 Y:99 P:E4 SP:FB
CD3D 50 2A 00 A:99 X:34 Y:99 P:E4 SP:FB
CD3F 10 28 00 A:99 X:34 Y:99 P:E4 SP:FB
CD41 C9 99 00 A:99 X:34 Y:99 P:E4 SP:FB
CD43 D0 24 00 A:99 X:34 Y:99 P:67 SP:FB
CD45 E0 34 00 A:99 X:34 Y:99 P:67 SP:FB
CD47 D0 20 00 A:99 X:34 Y:99 P:67 SP:FB
CD49 C0 99 00 A:99 X:34 Y:99 P:67 SP:FB
CD4B D0 1C 00 A:99 X:34 Y:99 P:67 SP:FB
CD4D A0 00 00 A:99 X:34 Y:99 P:67 SP:FB
CD4F 38 00 00 A:99 X:34 Y:00 P:67 SP:FB
CD50 B8 00 00 A:99 X:34 Y:00 P:67 SP:FB
CD51 98 00 00 A:99 X:34 Y:00 P:27 SP:FB
CD52 D0 15 00 A:00 X:34 Y:00 P:27 SP:FB
CD54 90 13 00 A:00 X:34 Y:00 P:27 SP:FB
CD56 70 11 00 A:00 X:34 Y:00 P:27 SP:FB
CD58 30 0F 00 A:00 X:34 Y:00 P:27 SP:FB
CD5A C9 00 00 A:00 X:34 Y:00 P:27 SP:FB
CD5C D0 0B 00 A:00 X:34 Y:00 P:27 SP:FB
CD5E E0 34 00 A:00 X:34 Y:00 P:27 SP:FB
CD60 D0 07 00 A:00 X:34 Y:00 P:27 SP:FB
CD62 C0 00 00 A:00 X:34 Y:00 P:27 SP:FB
CD64 D0 03 00 A:00 X:34 Y:00 P:27 SP:FB
CD66 4C 6D CD A:00 X:34 Y:00 P:27 SP:FB
CD6D EA 00 00 A:00 X:34 Y:00 P:27 SP:FB
CD6E A9 85 00 A:00 X:34 Y:00 P:27 SP:FB
CD70 A2 34 00 A:85 X:34 Y:00 P:A5 SP:FB
CD72 A0 99 00 A:85 X:34 Y:00 P:25 SP:FB
CD74 18 00 00 A:85 X:34 Y:99 P:A5 SP:FB
CD75 24 01 00 A:85 X:34 Y:99 P:A4 SP:FB
CD77 8A 00 00 A:85 X:34 Y:99 P:E4 SP:FB
CD78 F0 2E 00 A:34 X:34 Y:99 P:64 SP:FB
CD7A B0 2C 00 A:34 X:34 Y:99 P:64 SP:FB
CD7C 50 2A 00 A:34 X:34 Y:99 P:64 SP:FB
CD7E 30 28 00 A:34 X:34 Y:99 P:64 SP:FB
CD80 C9 34 00 A:34 X:34 Y:99 P:64 SP:FB
CD82 D0 24 00 A:34 X:34 Y:99 P:67 SP:FB
CD84 E0 34 00 A:34 X:34 Y:99 P:67 SP:FB
CD86 D0 20 00 A:34 X:34 Y:99 P:67 SP:FB
CD88 C0 99 00 A:34 X:34 Y:99 P:67 SP:FB
CD8A D0 1C 00 A:34 X:34 Y:99 P:67 SP:FB
CD8C A2 00 00 A:34 X:34 Y:99 P:67 SP:FB
CD8E 38 00 00 A:34 X:00 Y:99 P:67 SP:FB
CD8F B8 00 00 A:34 X:00 Y:99 P:67 SP:FB
CD90 8A 00 00 A:34 X:00 Y:99 P:27 SP:FB
CD91 D0 15 00 A:00 X:00 Y:99 P:27 SP:FB
CD93 90 13 00 A:00 X:00 Y:99 P:27 SP:FB
CD95 70 11 00 A:00 X:00 Y:99 P:27 SP:FB
CD97 30 0F 00 A:00 X:00 Y:99 P:27 SP:FB
CD99 C9 00 00 A:00 X:00 Y:99 P:27 SP:FB
CD9B D0 0B 00 A:00 X:00 Y:99 P:27 SP:FB
CD9D E0 00 00 A:00 X:00 Y:99 P:27 SP:FB
CD9F D0 07 00 A:00 X:00 Y:99 P:27 SP:FB
CDA1 C0 99 00 A:00 X:00 Y:99 P:27 SP:FB
CDA3 D0 03 00 A:00 X:00 Y:99 P:27 SP:FB
CDA5 4C AC CD A:00 X:00 Y:99 P:27 SP:FB
CDAC EA 00 00 A:00 X:00 Y:99 P:27 SP:FB
CDAD BA 00 00 A:00 X:00 Y:99 P:27 SP:FB
CDAE 8E FF 07 A:00 X:FB Y:99 P:A5 SP:FB
CDB1 A0 33 00 A:00 X:FB Y:99 P:A5 SP:FB
CDB3 A2 69 00 A:00 X:FB Y:33 P:25 SP:FB
CDB5 A9 84 00 A:00 X:69 Y:33 P:25 SP:FB
CDB7 18 00 00 A:84 X:69 Y:33 P:A5 SP:FB
CDB8 24 01 00 A:84 X:69 Y:33 P:A4 SP:FB
CDBA 9A 00 00 A:84 X:69 Y:33 P:E4 SP:FB
CDBB F0 32 00 A:84 X:69 Y:33 P:E4 SP:69
CDBD 10 30 00 A:84 X:69 Y:33 P:E4 SP:69
CDBF B0 2E 00 A:84 X:69 Y:33 P:E4 SP:69
CDC1 50 2C 00 A:84 X:69 Y:33 P:E4 SP:69
CDC3 C9 84 00 A:84 X:69 Y:33 P:E4 SP:69
CDC5 D0 28 00 A:84 X:69 Y:33 P:67 SP:69
CDC7 E0 69 00 A:84 X:69 Y:33 P:67 SP:69
CDC9 D0 24 00 A:84 X:69 Y:33 P:67 SP:69
CDCB C0 33 00 A:84 X:69 Y:33 P:67 SP:69
CDCD D0 20 00 A:84 X:69 Y:33 P:67 SP:69
CDCF A0 01 00 A:84 X:69 Y:33 P:67 SP:69
CDD1 A9 04 00 A:84 X:69 Y:01 P:65 SP:69
CDD3 38 00 00 A:04 X:69 Y:01 P:65 SP:69
CDD4 B8 00 00 A:04 X:69 Y:01 P:65 SP:69
CDD5 A2 00 00 A:04 X:69 Y:01 P:25 SP:69
CDD7 BA 00 00 A:04 X:00 Y:01 P:27 SP:69
CDD8 F0 15 00 A:04 X:69 Y:01 P:25 SP:69
CDDA 30 13 00 A:04 X:69 Y:01 P:25 SP:69
CDDC 90 11 00 A:04 X:69 Y:01 P:25 SP:69
CDDE 70 0F 00 A:04 X:69 Y:01 P:25 SP:69
CDE0 E0 69 00 A:04 X:69 Y:01 P:25 SP:69
CDE2 D0 0B 00 A:04 X:69 Y:01 P:27 SP:69
CDE4 C9 04 00 A:04 X:69 Y:01 P:27 SP:69
CDE6 D0 07 00 A:04 X:69 Y:01 P:27 SP:69
CDE8 C0 01 00 A:04 X:69 Y:01 P:27 SP:69
CDEA D0 03 00 A:04 X:69 Y:01 P:27 SP:69
CDEC 4C F3 CD A:04 X:69 Y:01 P:27 SP:69
CDF3 AE FF 07 A:04 X:69 Y:01 P:27 SP:69
CDF6 9A 00 00 A:04 X:FB Y:01 P:A5 SP:69
CDF7 60 00 00 A:04 X:FB Y:01 P:A5 SP:FB
C609 20 F8 CD A:04 X:FB Y:01 P:A5 SP:FD
CDF8 A9 FF 00 A:04 X:FB Y:01 P:A5 SP:FB
CDFA 85 01 00 A:FF X:FB Y:01 P:A5 SP:FB
CDFC BA 00 00 A:FF X:FB Y:01 P:A5 SP:FB
CDFD 8E FF 07 A:FF X:FB Y:01 P:A5 SP:FB
CE00 EA 00 00 A:FF X:FB Y:01 P:A5 SP:FB
CE01 A2 80 00 A:FF X:FB Y:01 P:A5 SP:FB
CE03 9A 00 00 A:FF X:80 Y:01 P:A5 SP:FB
CE04 A9 33 00 A:FF X:80 Y:01 P:A5 SP:80
CE06 48 00 00 A:33 X:80 Y:01 P:25 SP:80
CE07 A9 69 00 A:33 X:80 Y:01 P:25 SP:7F
CE09 48 00 00 A:69 X:80 Y:01 P:25 SP:7F
CE0A BA 00 00 A:69 X:80 Y:01 P:25 SP:7E
CE0B E0 7E 00 A:69 X:7E Y:01 P:25 SP:7E
CE0D D0 20 00 A:69 X:7E Y:01 P:27 SP:7E
CE0F 68 00 00 A:69 X:7E Y:01 P:27 SP:7E
CE10 C9 69 00 A:69 X:7E Y:01 P:25 SP:7F
CE12 D0 1B 00 A:69 X:7E Y:01 P:27 SP:7F
CE14 68 00 00 A:69 X:7E Y:01 P:27 SP:7F
CE15 C9 33 00 A:33 X:7E Y:01 P:25 SP:80
CE17 D0 16 00 A:33 X:7E Y:01 P:27 SP:80
CE19 BA 00 00 A:33 X:7E Y:01 P:27 SP:80
CE1A E0 80 00 A:33 X:80 Y:01 P:A5 SP:80
CE1C D0 11 00 A:33 X:80 Y:01 P:27 SP:80
CE1E AD 80 01 A:33 X:80 Y:01 P:27 SP:80
CE21 C9 33 00 A:33 X:80 Y:01 P:25 SP:80
CE23 D0 0A 00 A:33 X:80 Y:01 P:27 SP:80
CE25 AD 7F 01 A:33 X:80 Y:01 P:27 SP:80
CE28 C9 69 00 A:69 X:80 Y:01 P:25 SP:80
CE2A D0 03 00 A:69 X:80 Y:01 P:27 SP:80
CE2C 4C 33 CE A:69 X:80 Y:01 P:27 SP:80
CE33 EA 00 00 A:69 X:80 Y:01 P:27 SP:80
CE34 A2 80 00 A:69 X:80 Y:01 P:27 SP:80
CE36 9A 00 00 A:69 X:80 Y:01 P:A5 SP:80
CE37 20 3D CE A:69 X:80 Y:01 P:A5 SP:80
CE3D BA 00 00 A:69 X:80 Y:01 P:A5 SP:7E
CE3E E0 7E 00 A:69 X:7E Y:01 P:25 SP:7E
CE40 D0 19 00 A:69 X:7E Y:01 P:27 SP:7E
CE42 68 00 00 A:69 X:7E Y:01 P:27 SP:7E
CE43 68 00 00 A:CE X:7E Y:01 P:A5 SP:7F
CE44 BA 00 00 A:3A X:7E Y:01 P:25 SP:80
CE45 E0 80 00 A:3A X:80 Y:01 P:A5 SP:80
CE47 D0 12 00 A:3A X:80 Y:01 P:27 SP:80
CE49 A9 00 00 A:3A X:80 Y:01 P:27 SP:80
CE4B 20 4E CE A:00 X:80 Y:01 P:27 SP:80
CE4E 68 00 00 A:00 X:80 Y:01 P:27 SP:7E
CE4F C9 4D 00 A:CE X:80 Y:01 P:A5 SP:7F
CE51 D0 08 00 A:CE X:80 Y:01 P:A5 SP:7F
CE5B A2 47 00 A:CE X:80 Y:01 P:A5 SP:7F
CE5D 86 00 00 A:CE X:47 Y:01 P:25 SP:7F
CE5F EA 00 00 A:CE X:47 Y:01 P:25 SP:7F
CE60 A9 CE 00 A:CE X:47 Y:01 P:25 SP:7F
CE62 48 00 00 A:CE X:47 Y:01 P:A5 SP:7F
CE63 A9 66 00 A:CE X:47 Y:01 P:A5 SP:7E
CE65 48 00 00 A:66 X:47 Y:01 P:25 SP:7E
CE66 60 00 00 A:66 X:47 Y:01 P:25 SP:7D
66CE 00 00 00 A:66 X:47 Y:01 P:25 SP:7F
C5F4 40 00 00 A:66 X:47 Y:01 P:35 SP:7C
66CF 00 00 00 A:66 X:47 Y:01 P:11 SP:7F
C5F4 40 00 00 A:66 X:47 Y:01 P:35 SP:7C
66D0 00 00 00 A:66 X:47 Y:01 P:11 SP:7F
C5F4 40 00 00 A:66 X:47 Y:01 P:35 SP:7C
66D1 00 00 00 A:66 X:47 Y:01 P:11 SP:7F
C5F4 40 00 00 A:66 X:47 Y:01 P:35 SP:7C
66D2 00 00 00 A:66 X:47 Y:01 P:11 SP:7F
C5F4 40 00 00 A:66 X:47 Y:01 P:35 SP:7C
66D3 00 00 00 A:66 X:47 Y:01 P:11 SP:7F
C5F4 40 00 00 A:66 X:47 Y:01 P:35 SP:7C
66D4 00 00 00 A:66 X:47 Y:01 P:11 SP:7F
C5F4 40 00 00 A:66 X:47 Y:01 P:35 SP:7C
66D5 00 00 00 A:66 X:47 Y:01 P:11 SP:7F
C5F4 40 00 00 A:66 X:47 Y:01 P:35 SP:7C
66D6 00 00 00 A:66 X:47 Y:01 P:11 SP:7F
C5F4 40 00 00 A:66 X:47 Y:01 P:35 SP:7C
66D7 00 00 00 A:66 X:47 Y:01 P:11 SP:7F
C5F4 40 00 00 A:66 X:47 Y:01 P:35 SP:7C
66D8 00 00 00 A:66 X:47 Y:01 P:11 SP:7F
C5F4 40 00 00 A:66 X:47 Y:01 P:35 SP:7C
66D9 00 00 00 A:66 X:47 Y:01 P:11 SP:7F
C5F4 40 00 00 A:66 X:47 Y:01 P:35 SP:7C
66DA 00 00 00 A:66 X:47 Y:01 P:11 SP:7F
C5F4 40 00 00 A:66 X:47 Y:01 P:35 SP:7C
66DB 00 00 00 A:66 X:47 Y:01 P:11 SP:7F
C5F4 40 00 00 A:66 X:47 Y:01 P:35 SP:7C
66DC 00 00 00 A:66 X:47 Y:01 P:11 SP:7F
C5F4 40 00 00 A:66 X:47 Y:01 P:35 SP:7C
66DD 00 00 00 A:66 X:47 Y:01 P:11 SP:7F
C5F4 40 00 00 A:66 X:47 Y:01 P:35 SP:7C
66DE 00 00 00 A:66 X:47 Y:01 P:11 SP:7F
C5F4 40 00 00 A:66 X:47 Y:01 P:35 SP:7C
66DF 00 00 00 A:66 X:47 Y:01 P:11 SP:7F
C5F4 40 00 00 A:66 X:47 Y:01 P:35 SP:7C
66E0 00 00 00 A:66 X:47 Y:01 P:11 SP:7F
C5F4 40 00 00 A:66 X:47 Y:01 P:35 SP:7C
66E1 00 00 00 A:66 X:47 Y:01 P:11 SP:7F
C5F4 40 00 00 A:66 X:47 Y:01 P:35 SP:7C
66E2 00 00 00 A:66 X:47 Y:01 P:11 SP:7F
C5F4 40 00 00 A:66 X:47 Y:01 P:35 SP:7C
66E3 00 00 00 A:66 X:47 Y:01 P:11 SP:7F
C5F4 40 00 00 A:66 X:47 Y:01 P:35 SP:7C
66E4 00 00 00 A:66 X:47 Y:01 P:11 SP:7F
C5F4 40 00 00 A:66 X:47 Y:01 P:35 SP:7C
66E5 00 00 00 A:66 X:47 Y:01 P:11 SP:7F
C5F4 40 00 00 A:66 X:47 Y:01 P:35 SP:7C
66E6 00 00 00 A:66 X:47 Y:01 P:11 SP:7F
C5F4 40 00 00 A:66 X:47 Y:01 P:35 SP:7C
66E7 00 00 00 A:66 X:47 Y:01 P:11 SP:7F
C5F4 40 00 00 A:66 X:47 Y:01 P:35 SP:7C
66E8 00 00 00 A:66 X:47 Y:01 P:11 SP:7F
C5F4 40 00 00 A:66 X:47 Y:01 P:35 SP:7C
66E9 00 00 00 A:66 X:47 Y:01 P:11 SP:7F
C5F4 40 00 00 A:66 X:47 Y:01 P:35 SP:7C
66EA 00 00 00 A:66 X:47 Y:01 P:11 SP:7F
C5F4 40 00 00 A:66 X:47 Y:01 P:35 SP:7C
66EB 00 00 00 A:66 X:47 Y:01 P:11 SP:7F
C5F4 40 00 00 A:66 X:47 Y:01 P:35 SP:7C
66EC 00 00 00 A:66 X:47 Y:01 P:11 SP:7F
C5F4 40 00 00 A:66 X:47 Y:01 P:35 SP:7C
66ED 00 00 00 A:66 X:47 Y:01 P:11 SP:7F
C5F4 40 00 00 A:66 X:47 Y:01 P:35 SP:7C
66EE 00 00 00 A:66 X:47 Y:01 P:11 SP:7F
C5F4 40 00 00 A:66 X:47 Y:01 P:35 SP:7C
66EF 00 00 00 A:66 X:47 Y:01 P:11 SP:7F
C5F4 40 00 00 A:66 X:47 Y:01 P:35 SP:7C
66F0 00 00 00 A:66 X:47 Y:01 P:11 SP:7F
C5F4 40 00 00 A:66 X:47 Y:01 P:35 SP:7C
66F1 00 00 00 A:66 X:47 Y:01 P:11 SP:7F
C5F4 40 00 00 A:66 X:47 Y:01 P:35 SP:7C
66F2 00 00 00 A:66 X:47 Y:01 P:11 SP:7F
C5F4 40 00 00 A:66 X:47 Y:01 P:35 SP:7C
66F3 00 00 00 A:66 X:47 Y:01 P:11 SP:7F
C5F4 40 00 00 A:66 X:47 Y:01 P:35 SP:7C
66F4 00 00 00 A:66 X:47 Y:01 P:11 SP:7F
C5F4 40 00 00 A:66 X:47 Y:01 P:35 SP:7C
66F5 00 00 00 A:66 X:47 Y:01 P:11 SP:7F
C5F4 40 00 00 A:66 X:47 Y:01 P:35 SP:7C
66F6 00 00 00 A:66 X:47 Y:01 P:11 SP:7F
C5F4 40 00 00 A:66 X:47 Y:01 P:35 SP:7C
66F7 00 00 00 A:66 X:47 Y:01 P:11 SP:7F
C5F4 40 00 00 A:66 X:47 Y:01 P:35 SP:7C
66F8 00 00 00 A:66 X:47 Y:01 P:11 SP:7F
C5F4 40 00 00 A:66 X:47 Y:01 P:35 SP:7C
66F9 00 00 00 A:66 X:47 Y:01 P:11 SP:7F
C5F4 40 00 00 A:66 X:47 Y:01 P:35 SP:7C
66FA 00 00 00 A:66 X:47 Y:01 P:11 SP:7F
C5F4 40 00 00 A:66 X:47 Y:01 P:35 SP:7C
66FB 00 00 00 A:66 X:47 Y:01 P:11 SP:7F
C5F4 40 00 00 A:66 X:47 Y:01 P:35 SP:7C
66FC 00 00 00 A:66 X:47 Y:01 P:11 SP:7F
C5F4 40 00 00 A:66 X:47 Y:01 P:35 SP:7C
66FD 00 00 00 A:66 X:47 Y:01 P:11 SP:7F
C5F4 40 00 00 A:66 X:47 Y:01 P:35 SP:7C
66FE 00 00 00 A:66 X:47 Y:01 P:11 SP:7F
C5F4 40 00 00 A:66 X:47 Y:01 P:35 SP:7C
66FF 00 00 00 A:66 X:47 Y:01 P:11 SP:7F
C5F4 40 00 00 A:66 X:47 Y:01 P:35 SP:7C
6700 00 00 00 A:66 X:47 Y:01 P:11 SP:7F
C5F4 40 00 00 A:66 X:47 Y:01 P:35 SP:7C
6701 00 00 00 A:66 X:47 Y:01 P:11 SP:7F
C5F4 40 00 00 A:66 X:47 Y:01 P:35 SP:7C
6702 00 00 00 A:66 X:47 Y:01 P:11 SP:7F
C5F4 40 00 00 A:66 X:47 Y:01 P:35 SP:7C
6703 00 00 00 A:66 X:47 Y:01 P:11 SP:7F
C5F4 40 00 00 A:66 X:47 Y:01 P:35 SP:7C
6704 00 00 00 A:66 X:47 Y:01 P:11 SP:7F
C5F4 40 00 00 A:66 X:47 Y:01 P:35 SP:7C
6705 00 00 00 A:66 X:47 Y:01 P:11 SP:7F
C5F4 40 00 00 A:66 X:47 Y:01 P:35 SP:7C
6706 00 00 00 A:66 X:47 Y:01 P:11 SP:7F
C5F4 40 00 00 A:66 X:47 Y:01 P:35 SP:7C
6707 00 00 00 A:66 X:47 Y:01 P:11 SP:7F
C5F4 40 00 00 A:66 X:47 Y:01 P:35 SP:7C
6708 00 00 00 A:66 X:47 Y:01 P:11 SP:7F
C5F4 40 00 00 A:66 X:47 Y:01 P:35 SP:7C
6709 00 00 00 A:66 X:47 Y:01 P:11 SP:7F
C5F4 40 00 00 A:66 X:47 Y:01 P:35 SP:7C
670A 00 00 00 A:66 X:47 Y:01 P:11 SP:7F
C5F4 40 00 00 A:66 X:47 Y:01 P:35 SP:7C
670B 00 00 00 A:66 X:47 Y:01 P:11 SP:7F
C5F4 40 00 00 A:66 X:47 Y:01 P:35 SP:7C
670C 00 00 00 A:66 X:47 Y:01 P:11 SP:7F
C5F4 40 00 00 A:66 X:47 Y:01 P:35 SP:7C
670D 00 00 00 A:66 X:47 Y:01 P:11 SP:7F
C5F4 40 00 00 A:66 X:47 Y:01 P:35 SP:7C
670E 00 00 00 A:66 X:47 Y:01 P:11 SP:7F
C5F4 40 00 00 A:66 X:47 Y:01 P:35 SP:7C
670F 00 00 00 A:66 X:47 Y:01 P:11 SP:7F
C5F4 40 00 00 A:66 X:47 Y:01 P:35 SP:7C
6710 00 00 00 A:66 X:47 Y:01 P:11 SP:7F
C5F4 40 00 00 A:66 X:47 Y:01 P:35 SP:7C
6711 00 00 00 A:66 X:47 Y:01 P:11 SP:7F
C5F4 40 00 00 A:66 X:47 Y:01 P:35 SP:7C
6712 00 00 00 A:66 X:47 Y:01 P:11 SP:7F
C5F4 40 00 00 A:66 X:47 Y:01 P:35 SP:7C
6713 00 00 00 A:66 X:47 Y:01 P:11 SP:7F
C5F4 40 00 00 A:66 X:47 Y:01 P:35 SP:7C
6714 00 00 00 A:66 X:47 Y:01 P:11 SP:7F
C5F4 40 00 00 A:66 X:47 Y:01 P:35 SP:7C
6715 00 00 00 A:66 X:47 Y:01 P:11 SP:7F
C5F4 40 00 00 A:66 X:47 Y:01 P:35 SP:7C
6716 00 00 00 A:66 X:47 Y:01 P:11 SP:7F
C5F4 40 00 00 A:66 X:47 Y:01 P:35 SP:7C
6717 00 00 00 A:66 X:47 Y:01 P:11 SP:7F
C5F4 40 00 00 A:66 X:47 Y:01 P:35 SP:7C
6718 00 00 00 A:66 X:47 Y:01 P:11 SP:7F
C5F4 40 00 00 A:66 X:47 Y:01 P:35 SP:7C
6719 00 00 00 A:66 X:47 Y:01 P:11 SP:7F
C5F4 40 00 00 A:66 X:47 Y:01 P:35 SP:7C
671A 00 00 00 A:66 X:47 Y:01 P:11 SP:7F
C5F4 40 00 00 A:66 X:47 Y:01 P:35 SP:7C
671B 00 00 00 A:66 X:47 Y:01 P:11 SP:7F
C5F4 40 00 00 A:66 X:47 Y:01 P:35 SP:7C
671C 00 00 00 A:66 X:47 Y:01 P:11 SP:7F
C5F4 40 00 00 A:66 X:47 Y:01 P:35 SP:7C
671D 00 00 00 A:66 X:47 Y:01 P:11 SP:7F
C5F4 40 00 00 A:66 X:47 Y:01 P:35 SP:7C
671E 00 00 00 A:66 X:47 Y:01 P:11 SP:7F
C5F4 40 00 00 A:66 X:47 Y:01 P:35 SP:7C
671F 00 00 00 A:66 X:47 Y:01 P:11 SP:7F
C5F4 40 00 00 A:66 X:47 Y:01 P:35 SP:7C
6720 00 00 00 A:66 X:47 Y:01 P:11 SP:7F
C5F4 40 00 00 A:66 X:47 Y:01 P:35 SP:7C
6721 00 00 00 A:66 X:47 Y:01 P:11 SP:7F
C5F4 40 00 00 A:66 X:47 Y:01 P:35 SP:7C
6722 00 00 00 A:66 X:47 Y:01 P:11 SP:7F
C5F4 40 00 00 A:66 X:47 Y:01 P:35 SP:7C
6723 00 00 00 A:66 X:47 Y:01 P:11 SP:7F
C5F4 40 00 00 A:66 X:47 Y:01 P:35 SP:7C
6724 00 00 00 A:66 X:47 Y:01 P:11 SP:7F
C5F4 40 00 00 A:66 X:47 Y:01 P:35 SP:7C
6725 00 00 00 A:66 X:47 Y:01 P:11 SP:7F
C5F4 40 00 00 A:66 X:47 Y:01 P:35 SP:7C
6726 00 00 00 A:66 X:47 Y:01 P:11 SP:7F
C5F4 40 00 00 A:66 X:47 Y:01 P:35 SP:7C
6727 00 00 00 A:66 X:47 Y:01 P:11 SP:7F
C5F4 40 00 00 A:66 X:47 Y:01 P:35 SP:7C
6728 00 00 00 A:66 X:47 Y:01 P:11 SP:7F
C5F4 40 00 00 A:66 X:47 Y:01 P:35 SP:7C
6729 00 00 00 A:66 X:47 Y:01 P:11 SP:7F
C5F4 40 00 00 A:66 X:47 Y:01 P:35 SP:7C
672A 00 00 00 A:66 X:47 Y:01 P:11 SP:7F
C5F4 40 00 00 A:66 X:47 Y:01 P:35 SP:7C
672B 00 00 00 A:66 X:47 Y:01 P:11 SP:7F
C5F4 40 00 00 A:66 X:47 Y:01 P:35 SP:7C
672C 00 00 00 A:66 X:47 Y:01 P:11 SP:7F
C5F4 40 00 00 A:66 X:47 Y:01 P:35 SP:7C
672D 00 00 00 A:66 X:47 Y:01 P:11 SP:7F
C5F4 40 00 00 A:66 X:47 Y:01 P:35 SP:7C
672E 00 00 00 A:66 X:47 Y:01 P:11 SP:7F
C5F4 40 00 00 A:66 X:47 Y:01 P:35 SP:7C
672F 00 00 00 A:66 X:47 Y:01 P:11 SP:7F
C5F4 40 00 00 A:66 X:47 Y:01 P:35 SP:7C
6730 00 00 00 A:66 X:47 Y:01 P:11 SP:7F
C5F4 40 00 00 A:66 X:47 Y:01 P:35 SP:7C
6731 00 00 00 A:66 X:47 Y:01 P:11 SP:7F
C5F4 40 00 00 A:66 X:47 Y:01 P:35 SP:7C
6732 00 00 00 A:66 X:47 Y:01 P:11 SP:7F
C5F4 40 00 00 A:66 X:47 Y:01 P:35 SP:7C
6733 00 00 00 A:66 X:47 Y:01 P:11 SP:7F
C5F4 40 00 00 A:66 X:47 Y:01 P:35 SP:7C
6734 00 00 00 A:66 X:47 Y:01 P:11 SP:7F
C5F4 40 00 00 A:66 X:47 Y:01 P:35 SP:7C
6735 00 00 00 A:66 X:47 Y:01 P:11 SP:7F
C5F4 40 00 00 A:66 X:47 Y:01 P:35 SP:7C
6736 00 00 00 A:66 X:47 Y:01 P:11 SP:7F
C5F4 40 00 00 A:66 X:47 Y:01 P:35 SP:7C
6737 00 00 00 A:66 X:47 Y:01 P:11 SP:7F
C5F4 40 00 00 A:66 X:47 Y:01 P:35 SP:7C
6738 00 00 00 A:66 X:47 Y:01 P:11 SP:7F
C5F4 40 00 00 A:66 X:47 Y:01 P:35 SP:7C
6739 00 00 00 A:66 X:47 Y:01 P:11 SP:7F
C5F4 40 00 00 A:66 X:47 Y:01 P:35 SP:7C
673A 00 00 00 A:66 X:47 Y:01 P:11 SP:7F
C5F4 40 00 00 A:66 X:47 Y:01 P:35 SP:7C
673B 00 00 00 A:66 X:47 Y:01 P:11 SP:7F
C5F4 40 00 00 A:66 X:47 Y:01 P:35 SP:7C
673C 00 00 00 A:66 X:47 Y:01 P:11 SP:7F
C5F4 40 00 00 A:66 X:47 Y:01 P:35 SP:7C
673D 00 00 00 A:66 X:47 Y:01 P:11 SP:7F
C5F4 40 00 00 A:66 X:47 Y:01 P:35 SP:7C
673E 00 00 00 A:66 X:47 Y:01 P:11 SP:7F
C5F4 40 00 00 A:66 X:47 Y:01 P:35 SP:7C
673F 00 00 00 A:66 X:47 Y:01 P:11 SP:7F
C5F4 40 00 00 A:66 X:47 Y:01 P:35 SP:7C
6740 00 00 00 A:66 X:47 Y:01 P:11 SP:7F
C5F4 40 00 00 A:66 X:47 Y:01 P:35 SP:7C
6741 00 00 00 A:66 X:47 Y:01 P:11 SP:7F
C5F4 40 00 00 A:66 X:47 Y:01 P:35 SP:7C
6742 00 00 00 A:66 X:47 Y:01 P:11 SP:7F
C5F4 40 00 00 A:66 X:47 Y:01 P:35 SP:7C
6743 00 00 00 A:66 X:47 Y:01 P:11 SP:7F
C5F4 40 00 00 A:66 X:47 Y:01 P:35 SP:7C
6744 00 00 00 A:66 X:47 Y:01 P:11 SP:7F
C5F4 40 00 00 A:66 X:47 Y:01 P:35 SP:7C
6745 00 00 00 A:66 X:47 Y:01 P:11 SP:7F
C5F4 40 00 00 A:66 X:47 Y:01 P:35 SP:7C
6746 00 00 00 A:66 X:47 Y:01 P:11 SP:7F
C5F4 40 00 00 A:66 X:47 Y:01 P:35 SP:7C
6747 00 00 00 A:66 X:47 Y:01 P:11 SP:7F
C5F4 40 00 00 A:66 X:47 Y:01 P:35 SP:7C
6748 00 00 00 A:66 X:47 Y:01 P:11 SP:7F
C5F4 40 00 00 A:66 X:47 Y:01 P:35 SP:7C
6749 00 00 00 A:66 X:47 Y:01 P:11 SP:7F
C5F4 40 00 00 A:66 X:47 Y:01 P:35 SP:7C
674A 00 00 00 A:66 X:47 Y:01 P:11 SP:7F
C5F4 40 00 00 A:66 X:47 Y:01 P:35 SP:7C
674B 00 00 00 A:66 X:47 Y:01 P:11 SP:7F
C5F4 40 00 00 A:66 X:47 Y:01 P:35 SP:7C
674C 00 00 00 A:66 X:47 Y:01 P:11 SP:7F
C5F4 40 00 00 A:66 X:47 Y:01 P:35 SP:7C
674D 00 00 00 A:66 X:47 Y:01 P:11 SP:7F
C5F4 40 00 00 A:66 X:47 Y:01 P:35 SP:7C
674E 00 00 00 A:66 X:47 Y:01 P:11 SP:7F
C5F4 40 00 00 A:66 X:47 Y:01 P:35 SP:7C
674F 00 00 00 A:66 X:47 Y:01 P:11 SP:7F
C5F4 40 00 00 A:66 X:47 Y:01 P:35 SP:7C
6750 00 00 00 A:66 X:47 Y:01 P:11 SP:7F
C5F4 40 00 00 A:66 X:47 Y:01 P:35 SP:7C
6751 00 00 00 A:66 X:47 Y:01 P:11 SP:7F
C5F4 40 00 00 A:66 X:47 Y:01 P:35 SP:7C
6752 00 00 00 A:66 X:47 Y:01 P:11 SP:7F
C5F4 40 00 00 A:66 X:47 Y:01 P:35 SP:7C
6753 00 00 00 A:66 X:47 Y:01 P:11 SP:7F
C5F4 40 00 00 A:66 X:47 Y:01 P:35 SP:7C
6754 00 00 00 A:66 X:47 Y:01 P:11 SP:7F
C5F4 40 00 00 A:66 X:47 Y:01 P:35 SP:7C
6755 00 00 00 A:66 X:47 Y:01 P:11 SP:7F
C5F4 40 00 00 A:66 X:47 Y:01 P:35 SP:7C
6756 00 00 00 A:66 X:47 Y:01 P:11 SP:7F
C5F4 40 00 00 A:66 X:47 Y:01 P:35 SP:7C
6757 00 00 00 A:66 X:47 Y:01 P:11 SP:7F
C5F4 40 00 00 A:66 X:47 Y:01 P:35 SP:7C
6758 00 00 00 A:66 X:47 Y:01 P:11 SP:7F
C5F4 40 00 00 A:66 X:47 Y:01 P:35 SP:7C
6759 00 00 00 A:66 X:47 Y:01 P:11 SP:7F
C5F4 40 00 00 A:66 X:47 Y:01 P:35 SP:7C
675A 00 00 00 A:66 X:47 Y:01 P:11 SP:7F
C5F4 40 00 00 A:66 X:47 Y:01 P:35 SP:7C
675B 00 00 00 A:66 X:47 Y:01 P:11 SP:7F
C5F4 40 00 00 A:66 X:47 Y:01 P:35 SP:7C
675C 00 00 00 A:66 X:47 Y:01 P:11 SP:7F
C5F4 40 00 00 A:66 X:47 Y:01 P:35 SP:7C
675D 00 00 00 A:66 X:47 Y:01 P:11 SP:7F
C5F4 40 00 00 A:66 X:47 Y:01 P:35 SP:7C
675E 00 00 00 A:66 X:47 Y:01 P:11 SP:7F
C5F4 40 00 00 A:66 X:47 Y:01 P:35 SP:7C
675F 00 00 00 A:66 X:47 Y:01 P:11 SP:7F
C5F4 40 00 00 A:66 X:47 Y:01 P:35 SP:7C
6760 00 00 00 A:66 X:47 Y:01 P:11 SP:7F
C5F4 40 00 00 A:66 X:47 Y:01 P:35 SP:7C
6761 00 00 00 A:66 X:47 Y:01 P:11 SP:7F
C5F4 40 00 00 A:66 X:47 Y:01 P:35 SP:7C
6762 00 00 00 A:66 X:47 Y:01 P:11 SP:7F
C5F4 40 00 00 A:66 X:47 Y:01 P:35 SP:7C
6763 00 00 00 A:66 X:47 Y:01 P:11 SP:7F
C5F4 40 00 00 A:66 X:47 Y:01 P:35 SP:7C
6764 00 00 00 A:66 X:47 Y:01 P:11 SP:7F
C5F4 40 00 00 A:66 X:47 Y:01 P:35 SP:7C
6765 00 00 00 A:66 X:47 Y:01 P:11 SP:7F
C5F4 40 00 00 A:66 X:47 Y:01 P:35 SP:7C
6766 00 00 00 A:66 X:47 Y:01 P:11 SP:7F
C5F4 40 00 00 A:66 X:47 Y:01 P:35 SP:7C
6767 00 00 00 A:66 X:47 Y:01 P:11 SP:7F
C5F4 40 00 00 A:66 X:47 Y:01 P:35 SP:7C
6768 00 00 00 A:66 X:47 Y:01 P:11 SP:7F
C5F4 40 00 00 A:66 X:47 Y:01 P:35 SP:7C
6769 00 00 00 A:66 X:47 Y:01 P:11 SP:7F
C5F4 40 00 00 A:66 X:47 Y:01 P:35 SP:7C
676A 00 00 00 A:66 X:47 Y:01 P:11 SP:7F
C5F4 40 00 00 A:66 X:47 Y:01 P:35 SP:7C
676B 00 00 00 A:66 X:47 Y:01 P:11 SP:7F
C5F4 40 00 00 A:66 X:47 Y:01 P:35 SP:7C
676C 00 00 00 A:66 X:47 Y:01 P:11 SP:7F
C5F4 40 00 00 A:66 X:47 Y:01 P:35 SP:7C
676D 00 00 00 A:66 X:47 Y:01 P:11 SP:7F
C5F4 40 00 00 A:66 X:47 Y:01 P:35 SP:7C
676E 00 00 00 A:66 X:47 Y:01 P:11 SP:7F
C5F4 40 00 00 A:66 X:47 Y:01 P:35 SP:7C
676F 00 00 00 A:66 X:47 Y:01 P:11 SP:7F
C5F4 40 00 00 A:66 X:47 Y:01 P:35 SP:7C
6770 00 00 00 A:66 X:47 Y:01 P:11 SP:7F
C5F4 40 00 00 A:66 X:47 Y:01 P:35 SP:7C
6771 00 00 00 A:66 X:47 Y:01 P:11 SP:7F
C5F4 40 00 00 A:66 X:47 Y:01 P:35 SP:7C
6772 00 00 00 A:66 X:47 Y:01 P:11 SP:7F
C5F4 40 00 00 A:66 X:47 Y:01 P:35 SP:7C
6773 00 00 00 A:66 X:47 Y:01 P:11 SP:7F
C5F4 40 00 00 A:66 X:47 Y:01 P:35 SP:7C
6774 00 00 00 A:66 X:47 Y:01 P:11 SP:7F
C5F4 40 00 00 A:66 X:47 Y:01 P:35 SP:7C
6775 00 00 00 A:66 X:47 Y:01 P:11 SP:7F
C5F4 40 00 00 A:66 X:47 Y:01 P:35 SP:7C
6776 00 00 00 A:66 X:47 Y:01 P:11 SP:7F
C5F4 40 00 00 A:66 X:47 Y:01 P:35 SP:7C
6777 00 00 00 A:66 X:47 Y:01 P:11 SP:7F
C5F4 40 00 00 A:66 X:47 Y:01 P:35 SP:7C
6778 00 00 00 A:66 X:47 Y:01 P:11 SP:7F
C5F4 40 00 00 A:66 X:47 Y:01 P:35 SP:7C
6779 00 00 00 A:66 X:47 Y:01 P:11 SP:7F
C5F4 40 00 00 A:66 X:47 Y:01 P:35 SP:7C
677A 00 00 00 A:66 X:47 Y:01 P:11 SP:7F
C5F4 40 00 00 A:66 X:47 Y:01 P:35 SP:7C
677B 00 00 00 A:66 X:47 Y:01 P:11 SP:7F
C5F4 40 00 00 A:66 X:47 Y:01 P:35 SP:7C
677C 00 00 00 A:66 X:47 Y:01 P:11 SP:7F
C5F4 40 00 00 A:66 X:47 Y:01 P:35 SP:7C
677D 00 00 00 A:66 X:47 Y:01 P:11 SP:7F
C5F4 40 00 00 A:66 X:47 Y:01 P:35 SP:7C
677E 00 00 00 A:66 X:47 Y:01 P:11 SP:7F
C5F4 40 00 00 A:66 X:47 Y:01 P:35 SP:7C
677F 00 00 00 A:66 X:47 Y:01 P:11 SP:7F
C5F4 40 00 00 A:66 X:47 Y:01 P:35 SP:7C
6780 00 00 00 A:66 X:47 Y:01 P:11 SP:7F
C5F4 40 00 00 A:66 X:47 Y:01 P:35 SP:7C
6781 00 00 00 A:66 X:47 Y:01 P:11 SP:7F
C5F4 40 00 00 A:66 X:47 Y:01 P:35 SP:7C
6782 00 00 00 A:66 X:47 Y:01 P:11 SP:7F
C5F4 40 00 00 A:66 X:47 Y:01 P:35 SP:7C
6783 00 00 00 A:66 X:47 Y:01 P:11 SP:7F
C5F4 40 00 00 A:66 X:47 Y:01 P:35 SP:7C
6784 00 00 00 A:66 X:47 Y:01 P:11 SP:7F
C5F4 40 00 00 A:66 X:47 Y:01 P:35 SP:7C
6785 00 00 00 A:66 X:47 Y:01 P:11 SP:7F
C5F4 40 00 00 A:66 X:47 Y:01 P:35 SP:7C
6786 00 00 00 A:66 X:47 Y:01 P:11 SP:7F
C5F4 40 00 00 A:66 X:47 Y:01 P:35 SP:7C
6787 00 00 00 A:66 X:47 Y:01 P:11 SP:7F
C5F4 40 00 00 A:66 X:47 Y:01 P:35 SP:7C
6788 00 00 00 A:66 X:47 Y:01 P:11 SP:7F
C5F4 40 00 00 A:66 X:47 Y:01 P:35 SP:7C
6789 00 00 00 A:66 X:47 Y:01 P:11 SP:7F
C5F4 40 00 00 A:66 X:47 Y:01 P:35 SP:7C
678A 00 00 00 A:66 X:47 Y:01 P:11 SP:7F
C5F4 40 00 00 A:66 X:47 Y:01 P:35 SP:7C
678B 00 00 00 A:66 X:47 Y:01 P:11 SP:7F
C5F4 40 00 00 A:66 X:47 Y:01 P:35 SP:7C
678C 00 00 00 A:66 X:47 Y:01 P:11 SP:7F
C5F4 40 00 00 A:66 X:47 Y:01 P:35 SP:7C
678D 00 00 00 A:66 X:47 Y:01 P:11 SP:7F
C5F4 40 00 00 A:66 X:47 Y:01 P:35 SP:7C
678E 00 00 00 A:66 X:47 Y:01 P:11 SP:7F
C5F4 40 00 00 A:66 X:47 Y:01 P:35 SP:7C
678F 00 00 00 A:66 X:47 Y:01 P:11 SP:7F
C5F4 40 00 00 A:66 X:47 Y:01 P:35 SP:7C
6790 00 00 00 A:66 X:47 Y:01 P:11 SP:7F
C5F4 40 00 00 A:66 X:47 Y:01 P:35 SP:7C
6791 00 00 00 A:66 X:47 Y:01 P:11 SP:7F
C5F4 40 00 00 A:66 X:47 Y:01 P:35 SP:7C
6792 00 00 00 A:66 X:47 Y:01 P:11 SP:7F
C5F4 40 00 00 A:66 X:47 Y:01 P:35 SP:7C
6793 00 00 00 A:66 X:47 Y:01 P:11 SP:7F
C5F4 40 00 00 A:66 X:47 Y:01 P:35 SP:7C
6794 00 00 00 A:66 X:47 Y:01 P:11 SP:7F
C5F4 40 00 00 A:66 X:47 Y:01 P:35 SP:7C
6795 00 00 00 A:66 X:47 Y:01 P:11 SP:7F
C5F4 40 00 00 A:66 X:47 Y:01 P:35 SP:7C
6796 00 00 00 A:66 X:47 Y:01 P:11 SP:7F
C5F4 40 00 00 A:66 X:47 Y:01 P:35 SP:7C
6797 00 00 00 A:66 X:47 Y:01 P:11 SP:7F
C5F4 40 00 00 A:66 X:47 Y:01 P:35 SP:7C
6798 00 00 00 A:66 X:47 Y:01 P:11 SP:7F
C5F4 40 00 00 A:66 X:47 Y:01 P:35 SP:7C
6799 00 00 00 A:66 X:47 Y:01 P:11 SP:7F
C5F4 40 00 00 A:66 X:47 Y:01 P:35 SP:7C
679A 00 00 00 A:66 X:47 Y:01 P:11 SP:7F
C5F4 40 00 00 A:66 X:47 Y:01 P:35 SP:7C
679B 00 00 00 A:66 X:47 Y:01 P:11 SP:7F
C5F4 40 00 00 A:66 X:47 Y:01 P:35 SP:7C
679C 00 00 00 A:66 X:47 Y:01 P:11 SP:7F
C5F4 40 00 00 A:66 X:47 Y:01 P:35 SP:7C
679D 00 00 00 A:66 X:47 Y:01 P:11 SP:7F
C5F4 40 00 00 A:66 X:47 Y:01 P:35 SP:7C
679E 00 00 00 A:66 X:47 Y:01 P:11 SP:7F
C5F4 40 00 00 A:66 X:47 Y:01 P:35 SP:7C
679F 00 00 00 A:66 X:47 Y:01 P:11 SP:7F
C5F4 40 00 00 A:66 X:47 Y:01 P:35 SP:7C
67A0 00 00 00 A:66 X:47 Y:01 P:11 SP:7F
C5F4 40 00 00 A:66 X:47 Y:01 P:35 SP:7C
67A1 00 00 00 A:66 X:47 Y:01 P:11 SP:7F
C5F4 40 00 00 A:66 X:47 Y:01 P:35 SP:7C
67A2 00 00 00 A:66 X:47 Y:01 P:11 SP:7F
C5F4 40 00 00 A:66 X:47 Y:01 P:35 SP:7C
67A3 00 00 00 A:66 X:47 Y:01 P:11 SP:7F
C5F4 40 00 00 A:66 X:47 Y:01 P:35 SP:7C
67A4 00 00 00 A:66 X:47 Y:01 P:11 SP:7F
C5F4 40 00 00 A:66 X:47 Y:01 P:35 SP:7C
67A5 00 00 00 A:66 X:47 Y:01 P:11 SP:7F
C5F4 40 00 00 A:66 X:47 Y:01 P:35 SP:7C
67A6 00 00 00 A:66 X:47 Y:01 P:11 SP:7F
C5F4 40 00 00 A:66 X:47 Y:01 P:35 SP:7C
67A7 00 00 00 A:66 X:47 Y:01 P:11 SP:7F
C5F4 40 00 00 A:66 X:47 Y:01 P:35 SP:7C
67A8 00 00 00 A:66 X:47 Y:01 P:11 SP:7F
C5F4 40 00 00 A:66 X:47 Y:01 P:35 SP:7C
67A9 00 00 00 A:66 X:47 Y:01 P:11 SP:7F
C5F4 40 00 00 A:66 X:47 Y:01 P:35 SP:7C
67AA 00 00 00 A:66 X:47 Y:01 P:11 SP:7F
C5F4 40 00 00 A:66 X:47 Y:01 P:35 SP:7C
67AB 00 00 00 A:66 X:47 Y:01 P:11 SP:7F
C5F4 40 00 00 A:66 X:47 Y:01 P:35 SP:7C
67AC 00 00 00 A:66 X:47 Y:01 P:11 SP:7F
C5F4 40 00 00 A:66 X:47 Y:01 P:35 SP:7C
67AD 00 00 00 A:66 X:47 Y:01 P:11 SP:7F
C5F4 40 00 00 A:66 X:47 Y:01 P:35 SP:7C
67AE 00 00 00 A:66 X:47 Y:01 P:11 SP:7F
C5F4 40 00 00 A:66 X:47 Y:01 P:35 SP:7C
67AF 00 00 00 A:66 X:47 Y:01 P:11 SP:7F
C5F4 40 00 00 A:66 X:47 Y:01 P:35 SP:7C
67B0 00 00 00 A:66 X:47 Y:01 P:11 SP:7F
C5F4 40 00 00 A:66 X:47 Y:01 P:35 SP:7C
67B1 00 00 00 A:66 X:47 Y:01 P:11 SP:7F
C5F4 40 00 00 A:66 X:47 Y:01 P:35 SP:7C
67B2 00 00 00 A:66 X:47 Y:01 P:11 SP:7F
C5F4 40 00 00 A:66 X:47 Y:01 P:35 SP:7C
67B3 00 00 00 A:66 X:47 Y:01 P:11 SP:7F
C5F4 40 00 00 A:66 X:47 Y:01 P:35 SP:7C
67B4 00 00 00 A:66 X:47 Y:01 P:11 SP:7F
C5F4 40 00 00 A:66 X:47 Y:01 P:35 SP:7C
67B5 00 00 00 A:66 X:47 Y:01 P:11 SP:7F
C5F4 40 00 00 A:66 X:47 Y:01 P:35 SP:7C
67B6 00 00 00 A:66 X:47 Y:01 P:11 SP:7F
C5F4 40 00 00 A:66 X:47 Y:01 P:35 SP:7C
67B7 00 00 00 A:66 X:47 Y:01 P:11 SP:7F
C5F4 40 00 00 A:66 X:47 Y:01 P:35 SP:7C
67B8 00 00 00 A:66 X:47 Y:01 P:11 SP:7F
C5F4 40 00 00 A:66 X:47 Y:01 P:35 SP:7C
67B9 00 00 00 A:66 X:47 Y:01 P:11 SP:7F
C5F4 40 00 00 A:66 X:47 Y:01 P:35 SP:7C
67BA 00 00 00 A:66 X:47 Y:01 P:11 SP:7F
C5F4 40 00 00 A:66 X:47 Y:01 P:35 SP:7C
67BB 00 00 00 A:66 X:47 Y:01 P:11 SP:7F
C5F4 40 00 00 A:66 X:47 Y:01 P:35 SP:7C
67BC 00 00 00 A:66 X:47 Y:01 P:11 SP:7F
C5F4 40 00 00 A:66 X:47 Y:01 P:35 SP:7C
67BD 00 00 00 A:66 X:47 Y:01 P:11 SP:7F
C5F4 40 00 00 A:66 X:47 Y:01 P:35 SP:7C
67BE 00 00 00 A:66 X:47 Y:01 P:11 SP:7F
C5F4 40 00 00 A:66 X:47 Y:01 P:35 SP:7C
67BF 00 00 00 A:66 X:47 Y:01 P:11 SP:7F
C5F4 40 00 00 A:66 X:47 Y:01 P:35 SP:7C
67C0 00 00 00 A:66 X:47 Y:01 P:11 SP:7F
C5F4 40 00 00 A:66 X:47 Y:01 P:35 SP:7C
67C1 00 00 00 A:66 X:47 Y:01 P:11 SP:7F
C5F4 40 00 00 A:66 X:47 Y:01 P:35 SP:7C
67C2 00 00 00 A:66 X:47 Y:01 P:11 SP:7F
C5F4 40 00 00 A:66 X:47 Y:01 P:35 SP:7C
67C3 00 00 00 A:66 X:47 Y:01 P:11 SP:7F
C5F4 40 00 00 A:66 X:47 Y:01 P:35 SP:7C
67C4 00 00 00 A:66 X:47 Y:01 P:11 SP:7F
C5F4 40 00 00 A:66 X:47 Y:01 P:35 SP:7C
67C5 00 00 00 A:66 X:47 Y:01 P:11 SP:7F
C5F4 40 00 00 A:66 X:47 Y:01 P:35 SP:7C
67C6 00 00 00 A:66 X:47 Y:01 P:11 SP:7F
C5F4 40 00 00 A:66 X:47 Y:01 P:35 SP:7C
67C7 00 00 00 A:66 X:47 Y:01 P:11 SP:7F
C5F4 40 00 00 A:66 X:47 Y:01 P:35 SP:7C
67C8 00 00 00 A:66 X:47 Y:01 P:11 SP:7F
C5F4 40 00 00 A:66 X:47 Y:01 P:35 SP:7C
67C9 00 00 00 A:66 X:47 Y:01 P:11 SP:7F
C5F4 40 00 00 A:66 X:47 Y:01 P:35 SP:7C
67CA 00 00 00 A:66 X:47 Y:01 P:11 SP:7F
C5F4 40 00 00 A:66 X:47 Y:01 P:35 SP:7C
67CB 00 00 00 A:66 X:47 Y:01 P:11 SP:7F
C5F4 40 00 00 A:66 X:47 Y:01 P:35 SP:7C
67CC 00 00 00 A:66 X:47 Y:01 P:11 SP:7F
C5F4 40 00 00 A:66 X:47 Y:01 P:35 SP:7C
67CD 00 00 00 A:66 X:47 Y:01 P:11 SP:7F
C5F4 40 00 00 A:66 X:47 Y:01 P:35 SP:7C
67CE 00 00 00 A:66 X:47 Y:01 P:11 SP:7F
C5F4 40 00 00 A:66 X:47 Y:01 P:35 SP:7C
67CF 00 00 00 A:66 X:47 Y:01 P:11 SP:7F
C5F4 40 00 00 A:66 X:47 Y:01 P:35 SP:7C
67D0 00 00 00 A:66 X:47 Y:01 P:11 SP:7F
C5F4 40 00 00 A:66 X:47 Y:01 P:35 SP:7C
67D1 00 00 00 A:66 X:47 Y:01 P:11 SP:7F
C5F4 40 00 00 A:66 X:47 Y:01 P:35 SP:7C
67D2 00 00 00 A:66 X:47 Y:01 P:11 SP:7F
C5F4 40 00 00 A:66 X:47 Y:01 P:35 SP:7C
67D3 00 00 00 A:66 X:47 Y:01 P:11 SP:7F
C5F4 40 00 00 A:66 X:47 Y:01 P:35 SP:7C
67D4 00 00 00 A:66 X:47 Y:01 P:11 SP:7F
C5F4 40 00 00 A:66 X:47 Y:01 P:35 SP:7C
67D5 00 00 00 A:66 X:47 Y:01 P:11 SP:7F
C5F4 40 00 00 A:66 X:47 Y:01 P:35 SP:7C
67D6 00 00 00 A:66 X:47 Y:01 P:11 SP:7F
C5F4 40 00 00 A:66 X:47 Y:01 P:35 SP:7C
67D7 00 00 00 A:66 X:47 Y:01 P:11 SP:7F
C5F4 40 00 00 A:66 X:47 Y:01 P:35 SP:7C
67D8 00 00 00 A:66 X:47 Y:01 P:11 SP:7F
C5F4 40 00 00 A:66 X:47 Y:01 P:35 SP:7C
67D9 00 00 00 A:66 X:47 Y:01 P:11 SP:7F
C5F4 40 00 00 A:66 X:47 Y:01 P:35 SP:7C
67DA 00 00 00 A:66 X:47 Y:01 P:11 SP:7F
C5F4 40 00 00 A:66 X:47 Y:01 P:35 SP:7C
67DB 00 00 00 A:66 X:47 Y:01 P:11 SP:7F
C5F4 40 00 00 A:66 X:47 Y:01 P:35 SP:7C
67DC 00 00 00 A:66 X:47 Y:01 P:11 SP:7F
C5F4 40 00 00 A:66 X:47 Y:01 P:35 SP:7C
67DD 00 00 00 A:66 X:47 Y:01 P:11 SP:7F
C5F4 40 00 00 A:66 X:47 Y:01 P:35 SP:7C
67DE 00 00 00 A:66 X:47 Y:01 P:11 SP:7F
C5F4 40 00 00 A:66 X:47 Y:01 P:35 SP:7C
67DF 00 00 00 A:66 X:47 Y:01 P:11 SP:7F
C5F4 40 00 00 A:66 X:47 Y:01 P:35 SP:7C
67E0 00 00 00 A:66 X:47 Y:01 P:11 SP:7F
C5F4 40 00 00 A:66 X:47 Y:01 P:35 SP:7C
67E1 00 00 00 A:66 X:47 Y:01 P:11 SP:7F
C5F4 40 00 00 A:66 X:47 Y:01 P:35 SP:7C
67E2 00 00 00 A:66 X:47 Y:01 P:11 SP:7F
C5F4 40 00 00 A:66 X:47 Y:01 P:35 SP:7C
67E3 00 00 00 A:66 X:47 Y:01 P:11 SP:7F
C5F4 40 00 00 A:66 X:47 Y:01 P:35 SP:7C
67E4 00 00 00 A:66 X:47 Y:01 P:11 SP:7F
C5F4 40 00 00 A:66 X:47 Y:01 P:35 SP:7C
67E5 00 00 00 A:66 X:47 Y:01 P:11 SP:7F
C5F4 40 00 00 A:66 X:47 Y:01 P:35 SP:7C
67E6 00 00 00 A:66 X:47 Y:01 P:11 SP:7F
C5F4 40 00 00 A:66 X:47 Y:01 P:35 SP:7C
67E7 00 00 00 A:66 X:47 Y:01 P:11 SP:7F
C5F4 40 00 00 A:66 X:47 Y:01 P:35 SP:7C
67E8 00 00 00 A:66 X:47 Y:01 P:11 SP:7F
C5F4 40 00 00 A:66 X:47 Y:01 P:35 SP:7C
67E9 00 00 00 A:66 X:47 Y:01 P:11 SP:7F
C5F4 40 00 00 A:66 X:47 Y:01 P:35 SP:7C
67EA 00 00 00 A:66 X:47 Y:01 P:11 SP:7F
C5F4 40 00 00 A:66 X:47 Y:01 P:35 SP:7C
67EB 00 00 00 A:66 X:47 Y:01 P:11 SP:7F
C5F4 40 00 00 A:66 X:47 Y:01 P:35 SP:7C
67EC 00 00 00 A:66 X:47 Y:01 P:11 SP:7F
C5F4 40 00 00 A:66 X:47 Y:01 P:35 SP:7C
67ED 00 00 00 A:66 X:47 Y:01 P:11 SP:7F
C5F4 40 00 00 A:66 X:47 Y:01 P:35 SP:7C
67EE 00 00 00 A:66 X:47 Y:01 P:11 SP:7F
C5F4 40 00 00 A:66 X:47 Y:01 P:35 SP:7C
67EF 00 00 00 A:66 X:47 Y:01 P:11 SP:7F
C5F4 40 00 00 A:66 X:47 Y:01 P:35 SP:7C
67F0 00 00 00 A:66 X:47 Y:01 P:11 SP:7F
C5F4 40 00 00 A:66 X:47 Y:01 P:35 SP:7C
67F1 00 00 00 A:66 X:47 Y:01 P:11 SP:7F
C5F4 40 00 00 A:66 X:47 Y:01 P:35 SP:7C
67F2 00 00 00 A:66 X:47 Y:01 P:11 SP:7F
C5F4 40 00 00 A:66 X:47 Y:01 P:35 SP:7C
67F3 00 00 00 A:66 X:47 Y:01 P:11 SP:7F
C5F4 40 00 00 A:66 X:47 Y:01 P:35 SP:7C
67F4 00 00 00 A:66 X:47 Y:01 P:11 SP:7F
C5F4 40 00 00 A:66 X:47 Y:01 P:35 SP:7C
67F5 00 00 00 A:66 X:47 Y:01 P:11 SP:7F
C5F4 40 00 00 A:66 X:47 Y:01 P:35 SP:7C
67F6 00 00 00 A:66 X:47 Y:01 P:11 SP:7F
C5F4 40 00 00 A:66 X:47 Y:01 P:35 SP:7C
67F7 00 00 00 A:66 X:47 Y:01 P:11 SP:7F
C5F4 40 00 00 A:66 X:47 Y:01 P:35 SP:7C
67F8 00 00 00 A:66 X:47 Y:01 P:11 SP:7F
C5F4 40 00 00 A:66 X:47 Y:01 P:35 SP:7C
67F9 00 00 00 A:66 X:47 Y:01 P:11 SP:7F
C5F4 40 00 00 A:66 X:47 Y:01 P:35 SP:7C
67FA 00 00 00 A:66 X:47 Y:01 P:11 SP:7F
C5F4 40 00 00 A:66 X:47 Y:01 P:35 SP:7C
67FB 00 00 00 A:66 X:47 Y:01 P:11 SP:7F
C5F4 40 00 00 A:66 X:47 Y:01 P:35 SP:7C
67FC 00 00 00 A:66 X:47 Y:01 P:11 SP:7F
C5F4 40 00 00 A:66 X:47 Y:01 P:35 SP:7C
67FD 00 00 00 A:66 X:47 Y:01 P:11 SP:7F
C5F4 40 00 00 A:66 X:47 Y:01 P:35 SP:7C
67FE 00 00 00 A:66 X:47 Y:01 P:11 SP:7F
C5F4 40 00 00 A:66 X:47 Y:01 P:35 SP:7C
67FF 00 00 00 A:66 X:47 Y:01 P:11 SP:7F
C5F4 40 00 00 A:66 X:47 Y:01 P:35 SP:7C
6800 00 00 00 A:66 X:47 Y:01 P:11 SP:7F
C5F4 40 00 00 A:66 X:47 Y:01 P:35 SP:7C
6801 00 00 00 A:66 X:47 Y:01 P:11 SP:7F
C5F4 40 00 00 A:66 X:47 Y:01 P:35 SP:7C
6802 00 00 00 A:66 X:47 Y:01 P:11 SP:7F
C5F4 40 00 00 A:66 X:47 Y:01 P:35 SP:7C
6803 00 00 00 A:66 X:47 Y:01 P:11 SP:7F
C5F4 40 00 00 A:66 X:47 Y:01 P:35 SP:7C
6804 00 00 00 A:66 X:47 Y:01 P:11 SP:7F
C5F4 40 00 00 A:66 X:47 Y:01 P:35 SP:7C
6805 00 00 00 A:66 X:47 Y:01 P:11 SP:7F
C5F4 40 00 00 A:66 X:47 Y:01 P:35 SP:7C
6806 00 00 00 A:66 X:47 Y:01 P:11 SP:7F
C5F4 40 00 00 A:66 X:47 Y:01 P:35 SP:7C
6807 00 00 00 A:66 X:47 Y:01 P:11 SP:7F
C5F4 40 00 00 A:66 X:47 Y:01 P:35 SP:7C
6808 00 00 00 A:66 X:47 Y:01 P:11 SP:7F
C5F4 40 00 00 A:66 X:47 Y:01 P:35 SP:7C
6809 00 00 00 A:66 X:47 Y:01 P:11 SP:7F
C5F4 40 00 00 A:66 X:47 Y:01 P:35 SP:7C
680A 00 00 00 A:66 X:47 Y:01 P:11 SP:7F
C5F4 40 00 00 A:66 X:47 Y:01 P:35 SP:7C
680B 00 00 00 A:66 X:47 Y:01 P:11 SP:7F
C5F4 40 00 00 A:66 X:47 Y:01 P:35 SP:7C
680C 00 00 00 A:66 X:47 Y:01 P:11 SP:7F
C5F4 40 00 00 A:66 X:47 Y:01 P:35 SP:7C
680D 00 00 00 A:66 X:47 Y:01 P:11 SP:7F
C5F4 40 00 00 A:66 X:47 Y:01 P:35 SP:7C
680E 00 00 00 A:66 X:47 Y:01 P:11 SP:7F
C5F4 40 00 00 A:66 X:47 Y:01 P:35 SP:7C
680F 00 00 00 A:66 X:47 Y:01 P:11 SP:7F
C5F4 40 00 00 A:66 X:47 Y:01 P:35 SP:7C
6810 00 00 00 A:66 X:47 Y:01 P:11 SP:7F
C5F4 40 00 00 A:66 X:47 Y:01 P:35 SP:7C
6811 00 00 00 A:66 X:47 Y:01 P:11 SP:7F
C5F4 40 00 00 A:66 X:47 Y:01 P:35 SP:7C
6812 00 00 00 A:66 X:47 Y:01 P:11 SP:7F
C5F4 40 00 00 A:66 X:47 Y:01 P:35 SP:7C
6813 00 00 00 A:66 X:47 Y:01 P:11 SP:7F
C5F4 40 00 00 A:66 X:47 Y:01 P:35 SP:7C
6814 00 00 00 A:66 X:47 Y:01 P:11 SP:7F
C5F4 40 00 00 A:66 X:47 Y:01 P:35 SP:7C
6815 00 00 00 A:66 X:47 Y:01 P:11 SP:7F
C5F4 40 00 00 A:66 X:47 Y:01 P:35 SP:7C
6816 00 00 00 A:66 X:47 Y:01 P:11 SP:7F
C5F4 40 00 00 A:66 X:47 Y:01 P:35 SP:7C
6817 00 00 00 A:66 X:47 Y:01 P:11 SP:7F
C5F4 40 00 00 A:66 X:47 Y:01 P:35 SP:7C
6818 00 00 00 A:66 X:47 Y:01 P:11 SP:7F
C5F4 40 00 00 A:66 X:47 Y:01 P:35 SP:7C
6819 00 00 00 A:66 X:47 Y:01 P:11 SP:7F
C5F4 40 00 00 A:66 X:47 Y:01 P:35 SP:7C
681A 00 00 00 A:66 X:47 Y:01 P:11 SP:7F
C5F4 40 00 00 A:66 X:47 Y:01 P:35 SP:7C
681B 00 00 00 A:66 X:47 Y:01 P:11 SP:7F
C5F4 40 00 00 A:66 X:47 Y:01 P:35 SP:7C
681C 00 00 00 A:66 X:47 Y:01 P:11 SP:7F
